;  LST file generated by mikroListExporter - v.2.0 
; Date/Time: 02/10/2023 9:40:45 pm
;----------------------------------------------

;Address Opcode 	ASM
0x0000	0xF000EF6D  	GOTO        218
0x0004	0x0000      	NOP
0x0006	0x0000      	NOP
0x0008	0xF000EF00  	GOTO        0
0x000C	0x0000      	NOP
0x000E	0x0000      	NOP
0x0010	0x0000      	NOP
0x0012	0x0000      	NOP
0x0014	0x0000      	NOP
0x0016	0x0000      	NOP
0x0018	0xD7F3      	BRA         0
_UART1_Write:
;__Lib_UART_c67.c,58 :: 		
;__Lib_UART_c67.c,59 :: 		
L_UART1_Write3:
0x001C	0xB2AC      	BTFSC       TXSTA, 1 
0x001E	0xD002      	BRA         L_UART1_Write4
;__Lib_UART_c67.c,60 :: 		
0x0020	0x0000      	NOP
0x0022	0xD7FC      	BRA         L_UART1_Write3
L_UART1_Write4:
;__Lib_UART_c67.c,61 :: 		
0x0024	0xFFADC05C  	MOVFF       FARG_UART1_Write_data_, TXREG
;__Lib_UART_c67.c,62 :: 		
L_end_UART1_Write:
0x0028	0x0012      	RETURN      0
; end of _UART1_Write
_send_to_modem:
;GSM.c,2 :: 		void send_to_modem(char *s){
;GSM.c,3 :: 		while(*s){
L_send_to_modem0:
0x002A	0xFFE9C05A  	MOVFF       FARG_send_to_modem_s, FSR0L
0x002E	0xFFEAC05B  	MOVFF       FARG_send_to_modem_s+1, FSR0H
0x0032	0x52EE      	MOVF        POSTINC0, 1 
0x0034	0xE00A      	BZ          L_send_to_modem1
;GSM.c,4 :: 		UART1_WRITE(*s++);
0x0036	0xFFE9C05A  	MOVFF       FARG_send_to_modem_s, FSR0L
0x003A	0xFFEAC05B  	MOVFF       FARG_send_to_modem_s+1, FSR0H
0x003E	0xF05CCFEE  	MOVFF       POSTINC0, FARG_UART1_Write_data_
0x0042	0xDFEC      	RCALL       _UART1_Write
0x0044	0x4A5A      	INFSNZ      FARG_send_to_modem_s, 1 
0x0046	0x2A5B      	INCF        FARG_send_to_modem_s+1, 1 
;GSM.c,5 :: 		}
0x0048	0xD7F0      	BRA         L_send_to_modem0
L_send_to_modem1:
;GSM.c,6 :: 		UART1_WRITE(0X0D);
0x004A	0x0E0D      	MOVLW       13
0x004C	0x6E5C      	MOVWF       FARG_UART1_Write_data_ 
0x004E	0xDFE6      	RCALL       _UART1_Write
;GSM.c,7 :: 		}
L_end_send_to_modem:
0x0050	0x0012      	RETURN      0
; end of _send_to_modem
_send_to_modem1:
;GSM.c,8 :: 		void send_to_modem1(char *s){
;GSM.c,9 :: 		while(*s){
L_send_to_modem12:
0x0052	0xFFE9C05A  	MOVFF       FARG_send_to_modem1_s, FSR0L
0x0056	0xFFEAC05B  	MOVFF       FARG_send_to_modem1_s+1, FSR0H
0x005A	0x52EE      	MOVF        POSTINC0, 1 
0x005C	0xE00A      	BZ          L_send_to_modem13
;GSM.c,10 :: 		UART1_WRITE(*s++);
0x005E	0xFFE9C05A  	MOVFF       FARG_send_to_modem1_s, FSR0L
0x0062	0xFFEAC05B  	MOVFF       FARG_send_to_modem1_s+1, FSR0H
0x0066	0xF05CCFEE  	MOVFF       POSTINC0, FARG_UART1_Write_data_
0x006A	0xDFD8      	RCALL       _UART1_Write
0x006C	0x4A5A      	INFSNZ      FARG_send_to_modem1_s, 1 
0x006E	0x2A5B      	INCF        FARG_send_to_modem1_s+1, 1 
;GSM.c,11 :: 		}
0x0070	0xD7F0      	BRA         L_send_to_modem12
L_send_to_modem13:
;GSM.c,12 :: 		}
L_end_send_to_modem1:
0x0072	0x0012      	RETURN      0
; end of _send_to_modem1
___CC2DW:
;__Lib_System.c,21 :: 		
;__Lib_System.c,23 :: 		
_CC2DL_Loop1:
;__Lib_System.c,24 :: 		
0x0074	0x0009      	TBLRD*+
;__Lib_System.c,25 :: 		
0x0076	0xFFE6CFF5  	MOVFF       TABLAT, POSTINC1
;__Lib_System.c,26 :: 		
0x007A	0x0600      	DECF        R0, 1, 0
;__Lib_System.c,27 :: 		
0x007C	0xE1FB      	BNZ         _CC2DL_Loop1
;__Lib_System.c,28 :: 		
0x007E	0x0601      	DECF        R1, 1, 0
;__Lib_System.c,29 :: 		
0x0080	0xE1F9      	BNZ         _CC2DL_Loop1
;__Lib_System.c,31 :: 		
L_end___CC2DW:
0x0082	0x0012      	RETURN      0
; end of ___CC2DW
_UART1_Init:
;__Lib_UART_c67.c,15 :: 		
;__Lib_UART_c67.c,18 :: 		
0x0084	0x0E1C      	MOVLW       _UART1_Write
0x0086	0x6E4A      	MOVWF       _UART_Wr_Ptr 
0x0088	0x0E00      	MOVLW       hi_addr(_UART1_Write)
0x008A	0x6E4B      	MOVWF       _UART_Wr_Ptr+1 
0x008C	0x0E5C      	MOVLW       FARG_UART1_Write_data_
0x008E	0x6E4C      	MOVWF       _UART_Wr_Ptr+2 
0x0090	0x0E00      	MOVLW       hi_addr(FARG_UART1_Write_data_)
0x0092	0x6E4D      	MOVWF       _UART_Wr_Ptr+3 
;__Lib_UART_c67.c,19 :: 		
0x0094	0x0EFF      	MOVLW       _UART1_Read
0x0096	0x6E52      	MOVWF       _UART_Rd_Ptr 
0x0098	0x0EFF      	MOVLW       hi_addr(_UART1_Read)
0x009A	0x6E53      	MOVWF       _UART_Rd_Ptr+1 
0x009C	0x0E00      	MOVLW       0
0x009E	0x6E54      	MOVWF       _UART_Rd_Ptr+2 
0x00A0	0x0E00      	MOVLW       0
0x00A2	0x6E55      	MOVWF       _UART_Rd_Ptr+3 
;__Lib_UART_c67.c,20 :: 		
0x00A4	0x0EFF      	MOVLW       _UART1_Data_Ready
0x00A6	0x6E4E      	MOVWF       _UART_Rdy_Ptr 
0x00A8	0x0EFF      	MOVLW       hi_addr(_UART1_Data_Ready)
0x00AA	0x6E4F      	MOVWF       _UART_Rdy_Ptr+1 
0x00AC	0x0E00      	MOVLW       0
0x00AE	0x6E50      	MOVWF       _UART_Rdy_Ptr+2 
0x00B0	0x0E00      	MOVLW       0
0x00B2	0x6E51      	MOVWF       _UART_Rdy_Ptr+3 
;__Lib_UART_c67.c,21 :: 		
0x00B4	0x0EFF      	MOVLW       _UART1_Tx_Idle
0x00B6	0x6E56      	MOVWF       _UART_Tx_Idle_Ptr 
0x00B8	0x0EFF      	MOVLW       hi_addr(_UART1_Tx_Idle)
0x00BA	0x6E57      	MOVWF       _UART_Tx_Idle_Ptr+1 
0x00BC	0x0E00      	MOVLW       0
0x00BE	0x6E58      	MOVWF       _UART_Tx_Idle_Ptr+2 
0x00C0	0x0E00      	MOVLW       0
0x00C2	0x6E59      	MOVWF       _UART_Tx_Idle_Ptr+3 
;__Lib_UART_c67.c,23 :: 		
0x00C4	0x8AAC      	BSF         TXSTA, 5 
;__Lib_UART_c67.c,24 :: 		
0x00C6	0x0E90      	MOVLW       144
0x00C8	0x6EAB      	MOVWF       RCSTA 
;__Lib_UART_c67.c,25 :: 		
0x00CA	0x8E94      	BSF         TRISC7_bit, BitPos(TRISC7_bit+0) 
;__Lib_UART_c67.c,26 :: 		
0x00CC	0x9C94      	BCF         TRISC6_bit, BitPos(TRISC6_bit+0) 
;__Lib_UART_c67.c,28 :: 		
L_UART1_Init0:
0x00CE	0xAA9E      	BTFSS       PIR1, 5 
0x00D0	0xD003      	BRA         L_UART1_Init1
;__Lib_UART_c67.c,29 :: 		
0x00D2	0xF000CFAE  	MOVFF       RCREG, R0
0x00D6	0xD7FB      	BRA         L_UART1_Init0
L_UART1_Init1:
;__Lib_UART_c67.c,30 :: 		
L_end_UART1_Init:
0x00D8	0x0012      	RETURN      0
; end of _UART1_Init
_main:
0x00DA	0xF000ECE4  	CALL        456, 0
;GSM.c,13 :: 		void main(){
;GSM.c,14 :: 		do{
L_main4:
;GSM.c,15 :: 		UART1_INIT(9600);
0x00DE	0x86B8      	BSF         BAUDCON, 3, 0
0x00E0	0x6AB0      	CLRF        SPBRGH 
0x00E2	0x0E67      	MOVLW       103
0x00E4	0x6EAF      	MOVWF       SPBRG 
0x00E6	0x84AC      	BSF         TXSTA, 2, 0
0x00E8	0xDFCD      	RCALL       _UART1_Init
;GSM.c,16 :: 		send_to_modem("AT+CMGF=1");
0x00EA	0x0E31      	MOVLW       ?lstr1_GSM
0x00EC	0x6E5A      	MOVWF       FARG_send_to_modem_s 
0x00EE	0x0E00      	MOVLW       hi_addr(?lstr1_GSM)
0x00F0	0x6E5B      	MOVWF       FARG_send_to_modem_s+1 
0x00F2	0xDF9B      	RCALL       _send_to_modem
;GSM.c,17 :: 		delay_ms(1000);
0x00F4	0x0E06      	MOVLW       6
0x00F6	0x6E0B      	MOVWF       R11, 0
0x00F8	0x0E13      	MOVLW       19
0x00FA	0x6E0C      	MOVWF       R12, 0
0x00FC	0x0EAD      	MOVLW       173
0x00FE	0x6E0D      	MOVWF       R13, 0
L_main7:
0x0100	0x2E0D      	DECFSZ      R13, 1, 0
0x0102	0xD7FE      	BRA         L_main7
0x0104	0x2E0C      	DECFSZ      R12, 1, 0
0x0106	0xD7FC      	BRA         L_main7
0x0108	0x2E0B      	DECFSZ      R11, 1, 0
0x010A	0xD7FA      	BRA         L_main7
0x010C	0x0000      	NOP
0x010E	0x0000      	NOP
;GSM.c,18 :: 		send_to_modem1("AT+CMGS=\"");
0x0110	0x0E27      	MOVLW       ?lstr2_GSM
0x0112	0x6E5A      	MOVWF       FARG_send_to_modem1_s 
0x0114	0x0E00      	MOVLW       hi_addr(?lstr2_GSM)
0x0116	0x6E5B      	MOVWF       FARG_send_to_modem1_s+1 
0x0118	0xDF9C      	RCALL       _send_to_modem1
;GSM.c,19 :: 		send_to_modem1("09614680406");
0x011A	0x0E3E      	MOVLW       ?lstr3_GSM
0x011C	0x6E5A      	MOVWF       FARG_send_to_modem1_s 
0x011E	0x0E00      	MOVLW       hi_addr(?lstr3_GSM)
0x0120	0x6E5B      	MOVWF       FARG_send_to_modem1_s+1 
0x0122	0xDF97      	RCALL       _send_to_modem1
;GSM.c,20 :: 		send_to_modem1("\"\x0D");
0x0124	0x0E3B      	MOVLW       ?lstr4_GSM
0x0126	0x6E5A      	MOVWF       FARG_send_to_modem1_s 
0x0128	0x0E00      	MOVLW       hi_addr(?lstr4_GSM)
0x012A	0x6E5B      	MOVWF       FARG_send_to_modem1_s+1 
0x012C	0xDF92      	RCALL       _send_to_modem1
;GSM.c,21 :: 		delay_ms(1000);
0x012E	0x0E06      	MOVLW       6
0x0130	0x6E0B      	MOVWF       R11, 0
0x0132	0x0E13      	MOVLW       19
0x0134	0x6E0C      	MOVWF       R12, 0
0x0136	0x0EAD      	MOVLW       173
0x0138	0x6E0D      	MOVWF       R13, 0
L_main8:
0x013A	0x2E0D      	DECFSZ      R13, 1, 0
0x013C	0xD7FE      	BRA         L_main8
0x013E	0x2E0C      	DECFSZ      R12, 1, 0
0x0140	0xD7FC      	BRA         L_main8
0x0142	0x2E0B      	DECFSZ      R11, 1, 0
0x0144	0xD7FA      	BRA         L_main8
0x0146	0x0000      	NOP
0x0148	0x0000      	NOP
;GSM.c,22 :: 		send_to_modem("Monthly Due: 1000");
0x014A	0x0E15      	MOVLW       ?lstr5_GSM
0x014C	0x6E5A      	MOVWF       FARG_send_to_modem_s 
0x014E	0x0E00      	MOVLW       hi_addr(?lstr5_GSM)
0x0150	0x6E5B      	MOVWF       FARG_send_to_modem_s+1 
0x0152	0xDF6B      	RCALL       _send_to_modem
;GSM.c,23 :: 		delay_ms(1000);
0x0154	0x0E06      	MOVLW       6
0x0156	0x6E0B      	MOVWF       R11, 0
0x0158	0x0E13      	MOVLW       19
0x015A	0x6E0C      	MOVWF       R12, 0
0x015C	0x0EAD      	MOVLW       173
0x015E	0x6E0D      	MOVWF       R13, 0
L_main9:
0x0160	0x2E0D      	DECFSZ      R13, 1, 0
0x0162	0xD7FE      	BRA         L_main9
0x0164	0x2E0C      	DECFSZ      R12, 1, 0
0x0166	0xD7FC      	BRA         L_main9
0x0168	0x2E0B      	DECFSZ      R11, 1, 0
0x016A	0xD7FA      	BRA         L_main9
0x016C	0x0000      	NOP
0x016E	0x0000      	NOP
;GSM.c,24 :: 		UART1_WRITE(0x1A);
0x0170	0x0E1A      	MOVLW       26
0x0172	0x6E5C      	MOVWF       FARG_UART1_Write_data_ 
0x0174	0xDF53      	RCALL       _UART1_Write
;GSM.c,25 :: 		delay_ms(8000);
0x0176	0x0E29      	MOVLW       41
0x0178	0x6E0B      	MOVWF       R11, 0
0x017A	0x0E96      	MOVLW       150
0x017C	0x6E0C      	MOVWF       R12, 0
0x017E	0x0E7F      	MOVLW       127
0x0180	0x6E0D      	MOVWF       R13, 0
L_main10:
0x0182	0x2E0D      	DECFSZ      R13, 1, 0
0x0184	0xD7FE      	BRA         L_main10
0x0186	0x2E0C      	DECFSZ      R12, 1, 0
0x0188	0xD7FC      	BRA         L_main10
0x018A	0x2E0B      	DECFSZ      R11, 1, 0
0x018C	0xD7FA      	BRA         L_main10
;GSM.c,26 :: 		}while(1);
0x018E	0xD7A7      	BRA         L_main4
;GSM.c,27 :: 		}
L_end_main:
0x0190	0xD7FF      	BRA         $+0
; end of _main
0x01C8	0xF015EE10  	LFSR        1, 21
0x01CC	0x0E35      	MOVLW       53
0x01CE	0x6E00      	MOVWF       R0 
0x01D0	0x0E01      	MOVLW       1
0x01D2	0x6E01      	MOVWF       R1 
0x01D4	0x0E92      	MOVLW       146
0x01D6	0x6EF6      	MOVWF       4086 
0x01D8	0x0E01      	MOVLW       1
0x01DA	0x6EF7      	MOVWF       TBLPTRH 
0x01DC	0x0E00      	MOVLW       0
0x01DE	0x6EF8      	MOVWF       TBLPTRU 
0x01E0	0xF000EC3A  	CALL        116, 0
0x01E4	0x0012      	RETURN      0
;GSM.c,0 :: ?ICS?lstr5_GSM
0x0192	0x6F4D ;?ICS?lstr5_GSM+0
0x0194	0x746E ;?ICS?lstr5_GSM+2
0x0196	0x6C68 ;?ICS?lstr5_GSM+4
0x0198	0x2079 ;?ICS?lstr5_GSM+6
0x019A	0x7544 ;?ICS?lstr5_GSM+8
0x019C	0x3A65 ;?ICS?lstr5_GSM+10
0x019E	0x3120 ;?ICS?lstr5_GSM+12
0x01A0	0x3030 ;?ICS?lstr5_GSM+14
0x01A2	0x0030 ;?ICS?lstr5_GSM+16
; end of ?ICS?lstr5_GSM
;GSM.c,0 :: ?ICS?lstr2_GSM
0x01A4	0x5441 ;?ICS?lstr2_GSM+0
0x01A6	0x432B ;?ICS?lstr2_GSM+2
0x01A8	0x474D ;?ICS?lstr2_GSM+4
0x01AA	0x3D53 ;?ICS?lstr2_GSM+6
0x01AC	0x0022 ;?ICS?lstr2_GSM+8
; end of ?ICS?lstr2_GSM
;GSM.c,0 :: ?ICS?lstr1_GSM
0x01AE	0x5441 ;?ICS?lstr1_GSM+0
0x01B0	0x432B ;?ICS?lstr1_GSM+2
0x01B2	0x474D ;?ICS?lstr1_GSM+4
0x01B4	0x3D46 ;?ICS?lstr1_GSM+6
0x01B6	0x0031 ;?ICS?lstr1_GSM+8
; end of ?ICS?lstr1_GSM
;GSM.c,0 :: ?ICS?lstr4_GSM
0x01B8	0x0D22 ;?ICS?lstr4_GSM+0
0x01BA	0x00 ;?ICS?lstr4_GSM+2
; end of ?ICS?lstr4_GSM
;GSM.c,0 :: ?ICS?lstr3_GSM
0x01BB	0x3930 ;?ICS?lstr3_GSM+0
0x01BD	0x3136 ;?ICS?lstr3_GSM+2
0x01BF	0x3634 ;?ICS?lstr3_GSM+4
0x01C1	0x3038 ;?ICS?lstr3_GSM+6
0x01C3	0x3034 ;?ICS?lstr3_GSM+8
0x01C5	0x0036 ;?ICS?lstr3_GSM+10
; end of ?ICS?lstr3_GSM
Symbol List:
//** Routines locations **
//ADDRESS    SIZE    PROCEDURE
//----------------------------------------------
0x001C      [14]    _UART1_Write
0x002A      [40]    _send_to_modem
0x0052      [34]    _send_to_modem1
0x0074      [16]    ___CC2DW
0x0084      [86]    _UART1_Init
0x00DA     [184]    _main
//** Variables locations ** 
//ADDRESS    SIZE    VARIABLE
//----------------------------------------------
0x0000       [1]    UART1_Init_tmp_L0
0x0000       [1]    R0
0x0001       [1]    UART1_Read___tmp_UART1_Read_L0
0x0001       [1]    R1
0x0002       [1]    R2
0x0003       [1]    R3
0x0004       [1]    R4
0x0005       [1]    R5
0x0006       [1]    R6
0x0007       [1]    R7
0x0008       [1]    R8
0x0009       [1]    R9
0x000A       [1]    R10
0x000B       [1]    R11
0x000C       [1]    R12
0x000D       [1]    R13
0x000E       [1]    R14
0x000F       [1]    R15
0x0010       [1]    R16
0x0011       [1]    R17
0x0012       [1]    R18
0x0013       [1]    R19
0x0014       [1]    R20
0x0015      [18]    ?lstr5_GSM
0x0027      [10]    ?lstr2_GSM
0x0031      [10]    ?lstr1_GSM
0x003B       [3]    ?lstr4_GSM
0x003E      [12]    ?lstr3_GSM
0x004A       [4]    _UART_Wr_Ptr
0x004E       [4]    _UART_Rdy_Ptr
0x0052       [4]    _UART_Rd_Ptr
0x0056       [4]    _UART_Tx_Idle_Ptr
0x005A       [2]    FARG_send_to_modem_s
0x005A       [2]    FARG_send_to_modem1_s
0x005C       [1]    FARG_UART1_Write_data_
0x0F94       [0]    TRISC7_bit
0x0F94       [0]    TRISC6_bit
0x0F9E       [1]    PIR1
0x0FAB       [1]    RCSTA
0x0FAC       [1]    TXSTA
0x0FAD       [1]    TXREG
0x0FAE       [1]    RCREG
0x0FAF       [1]    SPBRG
0x0FB0       [1]    SPBRGH
0x0FB8       [1]    BAUDCON
0x0FD8       [1]    STATUS
0x0FD9       [1]    FSR2L
0x0FDA       [1]    FSR2H
0x0FDE       [1]    POSTINC2
0x0FE0       [1]    BSR
0x0FE1       [1]    FSR1L
0x0FE2       [1]    FSR1H
0x0FE4       [1]    PREINC1
0x0FE6       [1]    POSTINC1
0x0FE7       [1]    INDF1
0x0FE8       [1]    WREG
0x0FE9       [1]    FSR0L
0x0FEA       [1]    FSR0H
0x0FEE       [1]    POSTINC0
0x0FF3       [1]    PRODL
0x0FF4       [1]    PRODH
0x0FF5       [1]    TABLAT
0x0FF6       [1]    TBLPTRL
0x0FF7       [1]    TBLPTRH
0x0FF8       [1]    TBLPTRU
//** Constants locations ** 
//ADDRESS    SIZE    CONSTANT
//----------------------------------------------
0x0192      [18]    ?ICS?lstr5_GSM
0x01A4      [10]    ?ICS?lstr2_GSM
0x01AE      [10]    ?ICS?lstr1_GSM
0x01B8       [3]    ?ICS?lstr4_GSM
0x01BB      [12]    ?ICS?lstr3_GSM
