;  LST file generated by mikroListExporter - v.2.0 
; Date/Time: 02/10/2023 10:19:58 pm
;----------------------------------------------

;Address Opcode 	ASM
0x0000	0xF003EF6B  	GOTO        1750
0x0004	0x0000      	NOP
0x0006	0x0000      	NOP
0x0008	0xF000EF00  	GOTO        0
0x000C	0x0000      	NOP
0x000E	0x0000      	NOP
0x0010	0x0000      	NOP
0x0012	0x0000      	NOP
0x0014	0x0000      	NOP
0x0016	0x0000      	NOP
0x0018	0xD7F3      	BRA         0
_COMFREM:
;__Lib_Math.c,922 :: 		
;__Lib_Math.c,927 :: 		
0x001C	0x1E0B      	COMF        R11, 1, 0
;__Lib_Math.c,928 :: 		
0x001E	0x1E0A      	COMF        R10, 1, 0
;__Lib_Math.c,929 :: 		
0x0020	0x1E09      	COMF        R9, 1, 0
;__Lib_Math.c,930 :: 		
0x0022	0x1E08      	COMF        R8, 1, 0
;__Lib_Math.c,931 :: 		
0x0024	0x2A08      	INCF        R8, 1, 0
;__Lib_Math.c,932 :: 		
0x0026	0xB4D8      	BTFSC       STATUS, 2, 0
;__Lib_Math.c,933 :: 		
0x0028	0x2A09      	INCF        R9, 1, 0
;__Lib_Math.c,934 :: 		
0x002A	0xB4D8      	BTFSC       STATUS, 2, 0
;__Lib_Math.c,935 :: 		
0x002C	0x2A0A      	INCF        R10, 1, 0
;__Lib_Math.c,936 :: 		
0x002E	0xB4D8      	BTFSC       STATUS, 2, 0
;__Lib_Math.c,937 :: 		
0x0030	0x2A0B      	INCF        R11, 1, 0
;__Lib_Math.c,939 :: 		
L_end_COMFREM:
0x0032	0x0012      	RETURN      0
; end of _COMFREM
_SDIV3232L:
;__Lib_Math.c,553 :: 		
;__Lib_Math.c,563 :: 		
0x0034	0x5004      	MOVF        R4, 0, 0
;__Lib_Math.c,564 :: 		
0x0036	0x5E08      	SUBWF       R8, 1, 0
;__Lib_Math.c,565 :: 		
0x0038	0x5005      	MOVF        R5, 0, 0
;__Lib_Math.c,566 :: 		
0x003A	0xA0D8      	BTFSS       STATUS, 0, 0
;__Lib_Math.c,567 :: 		
0x003C	0x3C05      	INCFSZ      R5, 0, 0
;__Lib_Math.c,568 :: 		
0x003E	0x5E09      	SUBWF       R9, 1, 0
;__Lib_Math.c,569 :: 		
0x0040	0x5006      	MOVF        R6, 0, 0
;__Lib_Math.c,570 :: 		
0x0042	0xA0D8      	BTFSS       STATUS, 0, 0
;__Lib_Math.c,571 :: 		
0x0044	0x3C06      	INCFSZ      R6, 0, 0
;__Lib_Math.c,572 :: 		
0x0046	0x5E0A      	SUBWF       R10, 1, 0
;__Lib_Math.c,573 :: 		
0x0048	0x5007      	MOVF        R7, 0, 0
;__Lib_Math.c,574 :: 		
0x004A	0xA0D8      	BTFSS       STATUS, 0, 0
;__Lib_Math.c,575 :: 		
0x004C	0x3C07      	INCFSZ      R7, 0, 0
;__Lib_Math.c,576 :: 		
0x004E	0x5E0B      	SUBWF       R11, 1, 0
;__Lib_Math.c,577 :: 		
0x0050	0x3603      	RLCF        R3, 1, 0
;__Lib_Math.c,579 :: 		
0x0052	0x0E07      	MOVLW       7
;__Lib_Math.c,580 :: 		
0x0054	0x6E0C      	MOVWF       R12, 0
;__Lib_Math.c,582 :: 		
LOOPS3232A:
;__Lib_Math.c,583 :: 		
0x0056	0x3403      	RLCF        R3, 0, 0
;__Lib_Math.c,584 :: 		
0x0058	0x3608      	RLCF        R8, 1, 0
;__Lib_Math.c,585 :: 		
0x005A	0x3609      	RLCF        R9, 1, 0
;__Lib_Math.c,586 :: 		
0x005C	0x360A      	RLCF        R10, 1, 0
;__Lib_Math.c,587 :: 		
0x005E	0x360B      	RLCF        R11, 1, 0
;__Lib_Math.c,588 :: 		
0x0060	0x5004      	MOVF        R4, 0, 0
;__Lib_Math.c,589 :: 		
0x0062	0xA003      	BTFSS       R3, 0, 0
;__Lib_Math.c,590 :: 		
0x0064	0xD00E      	BRA         SADD22LA
;__Lib_Math.c,592 :: 		
0x0066	0x5E08      	SUBWF       R8, 1, 0
;__Lib_Math.c,593 :: 		
0x0068	0x5005      	MOVF        R5, 0, 0
;__Lib_Math.c,594 :: 		
0x006A	0xA0D8      	BTFSS       STATUS, 0, 0
;__Lib_Math.c,595 :: 		
0x006C	0x3C05      	INCFSZ      R5, 0, 0
;__Lib_Math.c,596 :: 		
0x006E	0x5E09      	SUBWF       R9, 1, 0
;__Lib_Math.c,597 :: 		
0x0070	0x5006      	MOVF        R6, 0, 0
;__Lib_Math.c,598 :: 		
0x0072	0xA0D8      	BTFSS       STATUS, 0, 0
;__Lib_Math.c,599 :: 		
0x0074	0x3C06      	INCFSZ      R6, 0, 0
;__Lib_Math.c,600 :: 		
0x0076	0x5E0A      	SUBWF       R10, 1, 0
;__Lib_Math.c,601 :: 		
0x0078	0x5007      	MOVF        R7, 0, 0
;__Lib_Math.c,602 :: 		
0x007A	0xA0D8      	BTFSS       STATUS, 0, 0
;__Lib_Math.c,603 :: 		
0x007C	0x3C07      	INCFSZ      R7, 0, 0
;__Lib_Math.c,604 :: 		
0x007E	0x5E0B      	SUBWF       R11, 1, 0
;__Lib_Math.c,605 :: 		
0x0080	0xD00D      	BRA         SOK22LA
;__Lib_Math.c,607 :: 		
SADD22LA:
;__Lib_Math.c,608 :: 		
0x0082	0x2608      	ADDWF       R8, 1, 0
;__Lib_Math.c,609 :: 		
0x0084	0x5005      	MOVF        R5, 0, 0
;__Lib_Math.c,610 :: 		
0x0086	0xB0D8      	BTFSC       STATUS, 0, 0
;__Lib_Math.c,611 :: 		
0x0088	0x3C05      	INCFSZ      R5, 0, 0
;__Lib_Math.c,612 :: 		
0x008A	0x2609      	ADDWF       R9, 1, 0
;__Lib_Math.c,613 :: 		
0x008C	0x5006      	MOVF        R6, 0, 0
;__Lib_Math.c,614 :: 		
0x008E	0xB0D8      	BTFSC       STATUS, 0, 0
;__Lib_Math.c,615 :: 		
0x0090	0x3C06      	INCFSZ      R6, 0, 0
;__Lib_Math.c,616 :: 		
0x0092	0x260A      	ADDWF       R10, 1, 0
;__Lib_Math.c,617 :: 		
0x0094	0x5007      	MOVF        R7, 0, 0
;__Lib_Math.c,618 :: 		
0x0096	0xB0D8      	BTFSC       STATUS, 0, 0
;__Lib_Math.c,619 :: 		
0x0098	0x3C07      	INCFSZ      R7, 0, 0
;__Lib_Math.c,620 :: 		
0x009A	0x260B      	ADDWF       R11, 1, 0
;__Lib_Math.c,622 :: 		
SOK22LA:
;__Lib_Math.c,623 :: 		
0x009C	0x3603      	RLCF        R3, 1, 0
;__Lib_Math.c,625 :: 		
0x009E	0x2E0C      	DECFSZ      R12, 1, 0
;__Lib_Math.c,626 :: 		
0x00A0	0xD7DA      	BRA         LOOPS3232A
;__Lib_Math.c,628 :: 		
0x00A2	0x3402      	RLCF        R2, 0, 0
;__Lib_Math.c,629 :: 		
0x00A4	0x3608      	RLCF        R8, 1, 0
;__Lib_Math.c,630 :: 		
0x00A6	0x3609      	RLCF        R9, 1, 0
;__Lib_Math.c,631 :: 		
0x00A8	0x360A      	RLCF        R10, 1, 0
;__Lib_Math.c,632 :: 		
0x00AA	0x360B      	RLCF        R11, 1, 0
;__Lib_Math.c,633 :: 		
0x00AC	0x5004      	MOVF        R4, 0, 0
;__Lib_Math.c,634 :: 		
0x00AE	0xA003      	BTFSS       R3, 0, 0
;__Lib_Math.c,635 :: 		
0x00B0	0xD00E      	BRA         SADD22L8
;__Lib_Math.c,637 :: 		
0x00B2	0x5E08      	SUBWF       R8, 1, 0
;__Lib_Math.c,638 :: 		
0x00B4	0x5005      	MOVF        R5, 0, 0
;__Lib_Math.c,639 :: 		
0x00B6	0xA0D8      	BTFSS       STATUS, 0, 0
;__Lib_Math.c,640 :: 		
0x00B8	0x3C05      	INCFSZ      R5, 0, 0
;__Lib_Math.c,641 :: 		
0x00BA	0x5E09      	SUBWF       R9, 1, 0
;__Lib_Math.c,642 :: 		
0x00BC	0x5006      	MOVF        R6, 0, 0
;__Lib_Math.c,643 :: 		
0x00BE	0xA0D8      	BTFSS       STATUS, 0, 0
;__Lib_Math.c,644 :: 		
0x00C0	0x3C06      	INCFSZ      R6, 0, 0
;__Lib_Math.c,645 :: 		
0x00C2	0x5E0A      	SUBWF       R10, 1, 0
;__Lib_Math.c,646 :: 		
0x00C4	0x5007      	MOVF        R7, 0, 0
;__Lib_Math.c,647 :: 		
0x00C6	0xA0D8      	BTFSS       STATUS, 0, 0
;__Lib_Math.c,648 :: 		
0x00C8	0x3C07      	INCFSZ      R7, 0, 0
;__Lib_Math.c,649 :: 		
0x00CA	0x5E0B      	SUBWF       R11, 1, 0
;__Lib_Math.c,650 :: 		
0x00CC	0xD00D      	BRA         SOK22L8
;__Lib_Math.c,652 :: 		
SADD22L8:
;__Lib_Math.c,653 :: 		
0x00CE	0x2608      	ADDWF       R8, 1, 0
;__Lib_Math.c,654 :: 		
0x00D0	0x5005      	MOVF        R5, 0, 0
;__Lib_Math.c,655 :: 		
0x00D2	0xB0D8      	BTFSC       STATUS, 0, 0
;__Lib_Math.c,656 :: 		
0x00D4	0x3C05      	INCFSZ      R5, 0, 0
;__Lib_Math.c,657 :: 		
0x00D6	0x2609      	ADDWF       R9, 1, 0
;__Lib_Math.c,658 :: 		
0x00D8	0x5006      	MOVF        R6, 0, 0
;__Lib_Math.c,659 :: 		
0x00DA	0xB0D8      	BTFSC       STATUS, 0, 0
;__Lib_Math.c,660 :: 		
0x00DC	0x3C06      	INCFSZ      R6, 0, 0
;__Lib_Math.c,661 :: 		
0x00DE	0x260A      	ADDWF       R10, 1, 0
;__Lib_Math.c,662 :: 		
0x00E0	0x5007      	MOVF        R7, 0, 0
;__Lib_Math.c,663 :: 		
0x00E2	0xB0D8      	BTFSC       STATUS, 0, 0
;__Lib_Math.c,664 :: 		
0x00E4	0x3C07      	INCFSZ      R7, 0, 0
;__Lib_Math.c,665 :: 		
0x00E6	0x260B      	ADDWF       R11, 1, 0
;__Lib_Math.c,667 :: 		
SOK22L8:
;__Lib_Math.c,668 :: 		
0x00E8	0x3602      	RLCF        R2, 1, 0
;__Lib_Math.c,670 :: 		
0x00EA	0x0E07      	MOVLW       7
;__Lib_Math.c,671 :: 		
0x00EC	0x6E0C      	MOVWF       R12, 0
;__Lib_Math.c,673 :: 		
LOOPS3232B:
;__Lib_Math.c,674 :: 		
0x00EE	0x3402      	RLCF        R2, 0, 0
;__Lib_Math.c,675 :: 		
0x00F0	0x3608      	RLCF        R8, 1, 0
;__Lib_Math.c,676 :: 		
0x00F2	0x3609      	RLCF        R9, 1, 0
;__Lib_Math.c,677 :: 		
0x00F4	0x360A      	RLCF        R10, 1, 0
;__Lib_Math.c,678 :: 		
0x00F6	0x360B      	RLCF        R11, 1, 0
;__Lib_Math.c,679 :: 		
0x00F8	0x5004      	MOVF        R4, 0, 0
;__Lib_Math.c,680 :: 		
0x00FA	0xA002      	BTFSS       R2, 0, 0
;__Lib_Math.c,681 :: 		
0x00FC	0xD00E      	BRA         SADD22LB
;__Lib_Math.c,683 :: 		
0x00FE	0x5E08      	SUBWF       R8, 1, 0
;__Lib_Math.c,684 :: 		
0x0100	0x5005      	MOVF        R5, 0, 0
;__Lib_Math.c,685 :: 		
0x0102	0xA0D8      	BTFSS       STATUS, 0, 0
;__Lib_Math.c,686 :: 		
0x0104	0x3C05      	INCFSZ      R5, 0, 0
;__Lib_Math.c,687 :: 		
0x0106	0x5E09      	SUBWF       R9, 1, 0
;__Lib_Math.c,688 :: 		
0x0108	0x5006      	MOVF        R6, 0, 0
;__Lib_Math.c,689 :: 		
0x010A	0xA0D8      	BTFSS       STATUS, 0, 0
;__Lib_Math.c,690 :: 		
0x010C	0x3C06      	INCFSZ      R6, 0, 0
;__Lib_Math.c,691 :: 		
0x010E	0x5E0A      	SUBWF       R10, 1, 0
;__Lib_Math.c,692 :: 		
0x0110	0x5007      	MOVF        R7, 0, 0
;__Lib_Math.c,693 :: 		
0x0112	0xA0D8      	BTFSS       STATUS, 0, 0
;__Lib_Math.c,694 :: 		
0x0114	0x3C07      	INCFSZ      R7, 0, 0
;__Lib_Math.c,695 :: 		
0x0116	0x5E0B      	SUBWF       R11, 1, 0
;__Lib_Math.c,696 :: 		
0x0118	0xD00D      	BRA         SOK22LB
;__Lib_Math.c,698 :: 		
SADD22LB:
;__Lib_Math.c,699 :: 		
0x011A	0x2608      	ADDWF       R8, 1, 0
;__Lib_Math.c,700 :: 		
0x011C	0x5005      	MOVF        R5, 0, 0
;__Lib_Math.c,701 :: 		
0x011E	0xB0D8      	BTFSC       STATUS, 0, 0
;__Lib_Math.c,702 :: 		
0x0120	0x3C05      	INCFSZ      R5, 0, 0
;__Lib_Math.c,703 :: 		
0x0122	0x2609      	ADDWF       R9, 1, 0
;__Lib_Math.c,704 :: 		
0x0124	0x5006      	MOVF        R6, 0, 0
;__Lib_Math.c,705 :: 		
0x0126	0xB0D8      	BTFSC       STATUS, 0, 0
;__Lib_Math.c,706 :: 		
0x0128	0x3C06      	INCFSZ      R6, 0, 0
;__Lib_Math.c,707 :: 		
0x012A	0x260A      	ADDWF       R10, 1, 0
;__Lib_Math.c,708 :: 		
0x012C	0x5007      	MOVF        R7, 0, 0
;__Lib_Math.c,709 :: 		
0x012E	0xB0D8      	BTFSC       STATUS, 0, 0
;__Lib_Math.c,710 :: 		
0x0130	0x3C07      	INCFSZ      R7, 0, 0
;__Lib_Math.c,711 :: 		
0x0132	0x260B      	ADDWF       R11, 1, 0
;__Lib_Math.c,713 :: 		
SOK22LB:
;__Lib_Math.c,714 :: 		
0x0134	0x3602      	RLCF        R2, 1, 0
;__Lib_Math.c,716 :: 		
0x0136	0x2E0C      	DECFSZ      R12, 1, 0
;__Lib_Math.c,717 :: 		
0x0138	0xD7DA      	BRA         LOOPS3232B
;__Lib_Math.c,719 :: 		
0x013A	0x3401      	RLCF        R1, 0, 0
;__Lib_Math.c,720 :: 		
0x013C	0x3608      	RLCF        R8, 1, 0
;__Lib_Math.c,721 :: 		
0x013E	0x3609      	RLCF        R9, 1, 0
;__Lib_Math.c,722 :: 		
0x0140	0x360A      	RLCF        R10, 1, 0
;__Lib_Math.c,723 :: 		
0x0142	0x360B      	RLCF        R11, 1, 0
;__Lib_Math.c,724 :: 		
0x0144	0x5004      	MOVF        R4, 0, 0
;__Lib_Math.c,725 :: 		
0x0146	0xA002      	BTFSS       R2, 0, 0
;__Lib_Math.c,726 :: 		
0x0148	0xD00E      	BRA         SADD22L16
;__Lib_Math.c,728 :: 		
0x014A	0x5E08      	SUBWF       R8, 1, 0
;__Lib_Math.c,729 :: 		
0x014C	0x5005      	MOVF        R5, 0, 0
;__Lib_Math.c,730 :: 		
0x014E	0xA0D8      	BTFSS       STATUS, 0, 0
;__Lib_Math.c,731 :: 		
0x0150	0x3C05      	INCFSZ      R5, 0, 0
;__Lib_Math.c,732 :: 		
0x0152	0x5E09      	SUBWF       R9, 1, 0
;__Lib_Math.c,733 :: 		
0x0154	0x5006      	MOVF        R6, 0, 0
;__Lib_Math.c,734 :: 		
0x0156	0xA0D8      	BTFSS       STATUS, 0, 0
;__Lib_Math.c,735 :: 		
0x0158	0x3C06      	INCFSZ      R6, 0, 0
;__Lib_Math.c,736 :: 		
0x015A	0x5E0A      	SUBWF       R10, 1, 0
;__Lib_Math.c,737 :: 		
0x015C	0x5007      	MOVF        R7, 0, 0
;__Lib_Math.c,738 :: 		
0x015E	0xA0D8      	BTFSS       STATUS, 0, 0
;__Lib_Math.c,739 :: 		
0x0160	0x3C07      	INCFSZ      R7, 0, 0
;__Lib_Math.c,740 :: 		
0x0162	0x5E0B      	SUBWF       R11, 1, 0
;__Lib_Math.c,741 :: 		
0x0164	0xD00D      	BRA         SOK22L16
;__Lib_Math.c,743 :: 		
SADD22L16:
;__Lib_Math.c,744 :: 		
0x0166	0x2608      	ADDWF       R8, 1, 0
;__Lib_Math.c,745 :: 		
0x0168	0x5005      	MOVF        R5, 0, 0
;__Lib_Math.c,746 :: 		
0x016A	0xB0D8      	BTFSC       STATUS, 0, 0
;__Lib_Math.c,747 :: 		
0x016C	0x3C05      	INCFSZ      R5, 0, 0
;__Lib_Math.c,748 :: 		
0x016E	0x2609      	ADDWF       R9, 1, 0
;__Lib_Math.c,749 :: 		
0x0170	0x5006      	MOVF        R6, 0, 0
;__Lib_Math.c,750 :: 		
0x0172	0xB0D8      	BTFSC       STATUS, 0, 0
;__Lib_Math.c,751 :: 		
0x0174	0x3C06      	INCFSZ      R6, 0, 0
;__Lib_Math.c,752 :: 		
0x0176	0x260A      	ADDWF       R10, 1, 0
;__Lib_Math.c,753 :: 		
0x0178	0x5007      	MOVF        R7, 0, 0
;__Lib_Math.c,754 :: 		
0x017A	0xB0D8      	BTFSC       STATUS, 0, 0
;__Lib_Math.c,755 :: 		
0x017C	0x3C07      	INCFSZ      R7, 0, 0
;__Lib_Math.c,756 :: 		
0x017E	0x260B      	ADDWF       R11, 1, 0
;__Lib_Math.c,758 :: 		
SOK22L16:
;__Lib_Math.c,759 :: 		
0x0180	0x3601      	RLCF        R1, 1, 0
;__Lib_Math.c,761 :: 		
0x0182	0x0E07      	MOVLW       7
;__Lib_Math.c,762 :: 		
0x0184	0x6E0C      	MOVWF       R12, 0
;__Lib_Math.c,764 :: 		
LOOPS3232C:
;__Lib_Math.c,765 :: 		
0x0186	0x3401      	RLCF        R1, 0, 0
;__Lib_Math.c,766 :: 		
0x0188	0x3608      	RLCF        R8, 1, 0
;__Lib_Math.c,767 :: 		
0x018A	0x3609      	RLCF        R9, 1, 0
;__Lib_Math.c,768 :: 		
0x018C	0x360A      	RLCF        R10, 1, 0
;__Lib_Math.c,769 :: 		
0x018E	0x360B      	RLCF        R11, 1, 0
;__Lib_Math.c,770 :: 		
0x0190	0x5004      	MOVF        R4, 0, 0
;__Lib_Math.c,771 :: 		
0x0192	0xA001      	BTFSS       R1, 0, 0
;__Lib_Math.c,772 :: 		
0x0194	0xD00E      	BRA         SADD22LC
;__Lib_Math.c,774 :: 		
0x0196	0x5E08      	SUBWF       R8, 1, 0
;__Lib_Math.c,775 :: 		
0x0198	0x5005      	MOVF        R5, 0, 0
;__Lib_Math.c,776 :: 		
0x019A	0xA0D8      	BTFSS       STATUS, 0, 0
;__Lib_Math.c,777 :: 		
0x019C	0x3C05      	INCFSZ      R5, 0, 0
;__Lib_Math.c,778 :: 		
0x019E	0x5E09      	SUBWF       R9, 1, 0
;__Lib_Math.c,779 :: 		
0x01A0	0x5006      	MOVF        R6, 0, 0
;__Lib_Math.c,780 :: 		
0x01A2	0xA0D8      	BTFSS       STATUS, 0, 0
;__Lib_Math.c,781 :: 		
0x01A4	0x3C06      	INCFSZ      R6, 0, 0
;__Lib_Math.c,782 :: 		
0x01A6	0x5E0A      	SUBWF       R10, 1, 0
;__Lib_Math.c,783 :: 		
0x01A8	0x5007      	MOVF        R7, 0, 0
;__Lib_Math.c,784 :: 		
0x01AA	0xA0D8      	BTFSS       STATUS, 0, 0
;__Lib_Math.c,785 :: 		
0x01AC	0x3C07      	INCFSZ      R7, 0, 0
;__Lib_Math.c,786 :: 		
0x01AE	0x5E0B      	SUBWF       R11, 1, 0
;__Lib_Math.c,787 :: 		
0x01B0	0xD00D      	BRA         SOK22LC
;__Lib_Math.c,789 :: 		
SADD22LC:
;__Lib_Math.c,790 :: 		
0x01B2	0x2608      	ADDWF       R8, 1, 0
;__Lib_Math.c,791 :: 		
0x01B4	0x5005      	MOVF        R5, 0, 0
;__Lib_Math.c,792 :: 		
0x01B6	0xB0D8      	BTFSC       STATUS, 0, 0
;__Lib_Math.c,793 :: 		
0x01B8	0x3C05      	INCFSZ      R5, 0, 0
;__Lib_Math.c,794 :: 		
0x01BA	0x2609      	ADDWF       R9, 1, 0
;__Lib_Math.c,795 :: 		
0x01BC	0x5006      	MOVF        R6, 0, 0
;__Lib_Math.c,796 :: 		
0x01BE	0xB0D8      	BTFSC       STATUS, 0, 0
;__Lib_Math.c,797 :: 		
0x01C0	0x3C06      	INCFSZ      R6, 0, 0
;__Lib_Math.c,798 :: 		
0x01C2	0x260A      	ADDWF       R10, 1, 0
;__Lib_Math.c,799 :: 		
0x01C4	0x5007      	MOVF        R7, 0, 0
;__Lib_Math.c,800 :: 		
0x01C6	0xB0D8      	BTFSC       STATUS, 0, 0
;__Lib_Math.c,801 :: 		
0x01C8	0x3C07      	INCFSZ      R7, 0, 0
;__Lib_Math.c,802 :: 		
0x01CA	0x260B      	ADDWF       R11, 1, 0
;__Lib_Math.c,804 :: 		
SOK22LC:
;__Lib_Math.c,805 :: 		
0x01CC	0x3601      	RLCF        R1, 1, 0
;__Lib_Math.c,807 :: 		
0x01CE	0x2E0C      	DECFSZ      R12, 1, 0
;__Lib_Math.c,808 :: 		
0x01D0	0xD7DA      	BRA         LOOPS3232C
;__Lib_Math.c,810 :: 		
0x01D2	0x3400      	RLCF        R0, 0, 0
;__Lib_Math.c,811 :: 		
0x01D4	0x3608      	RLCF        R8, 1, 0
;__Lib_Math.c,812 :: 		
0x01D6	0x3609      	RLCF        R9, 1, 0
;__Lib_Math.c,813 :: 		
0x01D8	0x360A      	RLCF        R10, 1, 0
;__Lib_Math.c,814 :: 		
0x01DA	0x360B      	RLCF        R11, 1, 0
;__Lib_Math.c,815 :: 		
0x01DC	0x5004      	MOVF        R4, 0, 0
;__Lib_Math.c,816 :: 		
0x01DE	0xA001      	BTFSS       R1, 0, 0
;__Lib_Math.c,817 :: 		
0x01E0	0xD00E      	BRA         SADD22L24
;__Lib_Math.c,819 :: 		
0x01E2	0x5E08      	SUBWF       R8, 1, 0
;__Lib_Math.c,820 :: 		
0x01E4	0x5005      	MOVF        R5, 0, 0
;__Lib_Math.c,821 :: 		
0x01E6	0xA0D8      	BTFSS       STATUS, 0, 0
;__Lib_Math.c,822 :: 		
0x01E8	0x3C05      	INCFSZ      R5, 0, 0
;__Lib_Math.c,823 :: 		
0x01EA	0x5E09      	SUBWF       R9, 1, 0
;__Lib_Math.c,824 :: 		
0x01EC	0x5006      	MOVF        R6, 0, 0
;__Lib_Math.c,825 :: 		
0x01EE	0xA0D8      	BTFSS       STATUS, 0, 0
;__Lib_Math.c,826 :: 		
0x01F0	0x3C06      	INCFSZ      R6, 0, 0
;__Lib_Math.c,827 :: 		
0x01F2	0x5E0A      	SUBWF       R10, 1, 0
;__Lib_Math.c,828 :: 		
0x01F4	0x5007      	MOVF        R7, 0, 0
;__Lib_Math.c,829 :: 		
0x01F6	0xA0D8      	BTFSS       STATUS, 0, 0
;__Lib_Math.c,830 :: 		
0x01F8	0x3C07      	INCFSZ      R7, 0, 0
;__Lib_Math.c,831 :: 		
0x01FA	0x5E0B      	SUBWF       R11, 1, 0
;__Lib_Math.c,832 :: 		
0x01FC	0xD00D      	BRA         SOK22L24
;__Lib_Math.c,834 :: 		
SADD22L24:
;__Lib_Math.c,835 :: 		
0x01FE	0x2608      	ADDWF       R8, 1, 0
;__Lib_Math.c,836 :: 		
0x0200	0x5005      	MOVF        R5, 0, 0
;__Lib_Math.c,837 :: 		
0x0202	0xB0D8      	BTFSC       STATUS, 0, 0
;__Lib_Math.c,838 :: 		
0x0204	0x3C05      	INCFSZ      R5, 0, 0
;__Lib_Math.c,839 :: 		
0x0206	0x2609      	ADDWF       R9, 1, 0
;__Lib_Math.c,840 :: 		
0x0208	0x5006      	MOVF        R6, 0, 0
;__Lib_Math.c,841 :: 		
0x020A	0xB0D8      	BTFSC       STATUS, 0, 0
;__Lib_Math.c,842 :: 		
0x020C	0x3C06      	INCFSZ      R6, 0, 0
;__Lib_Math.c,843 :: 		
0x020E	0x260A      	ADDWF       R10, 1, 0
;__Lib_Math.c,844 :: 		
0x0210	0x5007      	MOVF        R7, 0, 0
;__Lib_Math.c,845 :: 		
0x0212	0xB0D8      	BTFSC       STATUS, 0, 0
;__Lib_Math.c,846 :: 		
0x0214	0x3C07      	INCFSZ      R7, 0, 0
;__Lib_Math.c,847 :: 		
0x0216	0x260B      	ADDWF       R11, 1, 0
;__Lib_Math.c,849 :: 		
SOK22L24:
;__Lib_Math.c,850 :: 		
0x0218	0x3600      	RLCF        R0, 1, 0
;__Lib_Math.c,852 :: 		
0x021A	0x0E07      	MOVLW       7
;__Lib_Math.c,853 :: 		
0x021C	0x6E0C      	MOVWF       R12, 0
;__Lib_Math.c,855 :: 		
LOOPS3232D:
;__Lib_Math.c,856 :: 		
0x021E	0x3400      	RLCF        R0, 0, 0
;__Lib_Math.c,857 :: 		
0x0220	0x3608      	RLCF        R8, 1, 0
;__Lib_Math.c,858 :: 		
0x0222	0x3609      	RLCF        R9, 1, 0
;__Lib_Math.c,859 :: 		
0x0224	0x360A      	RLCF        R10, 1, 0
;__Lib_Math.c,860 :: 		
0x0226	0x360B      	RLCF        R11, 1, 0
;__Lib_Math.c,861 :: 		
0x0228	0x5004      	MOVF        R4, 0, 0
;__Lib_Math.c,862 :: 		
0x022A	0xA000      	BTFSS       R0, 0, 0
;__Lib_Math.c,863 :: 		
0x022C	0xD00E      	BRA         SADD22LD
;__Lib_Math.c,865 :: 		
0x022E	0x5E08      	SUBWF       R8, 1, 0
;__Lib_Math.c,866 :: 		
0x0230	0x5005      	MOVF        R5, 0, 0
;__Lib_Math.c,867 :: 		
0x0232	0xA0D8      	BTFSS       STATUS, 0, 0
;__Lib_Math.c,868 :: 		
0x0234	0x3C05      	INCFSZ      R5, 0, 0
;__Lib_Math.c,869 :: 		
0x0236	0x5E09      	SUBWF       R9, 1, 0
;__Lib_Math.c,870 :: 		
0x0238	0x5006      	MOVF        R6, 0, 0
;__Lib_Math.c,871 :: 		
0x023A	0xA0D8      	BTFSS       STATUS, 0, 0
;__Lib_Math.c,872 :: 		
0x023C	0x3C06      	INCFSZ      R6, 0, 0
;__Lib_Math.c,873 :: 		
0x023E	0x5E0A      	SUBWF       R10, 1, 0
;__Lib_Math.c,874 :: 		
0x0240	0x5007      	MOVF        R7, 0, 0
;__Lib_Math.c,875 :: 		
0x0242	0xA0D8      	BTFSS       STATUS, 0, 0
;__Lib_Math.c,876 :: 		
0x0244	0x3C07      	INCFSZ      R7, 0, 0
;__Lib_Math.c,877 :: 		
0x0246	0x5E0B      	SUBWF       R11, 1, 0
;__Lib_Math.c,878 :: 		
0x0248	0xD00D      	BRA         SOK22LD
;__Lib_Math.c,880 :: 		
SADD22LD:
;__Lib_Math.c,881 :: 		
0x024A	0x2608      	ADDWF       R8, 1, 0
;__Lib_Math.c,882 :: 		
0x024C	0x5005      	MOVF        R5, 0, 0
;__Lib_Math.c,883 :: 		
0x024E	0xB0D8      	BTFSC       STATUS, 0, 0
;__Lib_Math.c,884 :: 		
0x0250	0x3C05      	INCFSZ      R5, 0, 0
;__Lib_Math.c,885 :: 		
0x0252	0x2609      	ADDWF       R9, 1, 0
;__Lib_Math.c,886 :: 		
0x0254	0x5006      	MOVF        R6, 0, 0
;__Lib_Math.c,887 :: 		
0x0256	0xB0D8      	BTFSC       STATUS, 0, 0
;__Lib_Math.c,888 :: 		
0x0258	0x3C06      	INCFSZ      R6, 0, 0
;__Lib_Math.c,889 :: 		
0x025A	0x260A      	ADDWF       R10, 1, 0
;__Lib_Math.c,890 :: 		
0x025C	0x5007      	MOVF        R7, 0, 0
;__Lib_Math.c,891 :: 		
0x025E	0xB0D8      	BTFSC       STATUS, 0, 0
;__Lib_Math.c,893 :: 		
0x0260	0x3C07      	INCFSZ      R7, 0, 0
;__Lib_Math.c,894 :: 		
0x0262	0x260B      	ADDWF       R11, 1, 0
;__Lib_Math.c,896 :: 		
SOK22LD:
;__Lib_Math.c,897 :: 		
0x0264	0x3600      	RLCF        R0, 1, 0
;__Lib_Math.c,899 :: 		
0x0266	0x2E0C      	DECFSZ      R12, 1, 0
;__Lib_Math.c,900 :: 		
0x0268	0xD7DA      	BRA         LOOPS3232D
;__Lib_Math.c,902 :: 		
0x026A	0xB000      	BTFSC       R0, 0, 0
;__Lib_Math.c,903 :: 		
0x026C	0xD00E      	BRA         SOK22L
;__Lib_Math.c,904 :: 		
0x026E	0x5004      	MOVF        R4, 0, 0
;__Lib_Math.c,905 :: 		
0x0270	0x2608      	ADDWF       R8, 1, 0
;__Lib_Math.c,906 :: 		
0x0272	0x5005      	MOVF        R5, 0, 0
;__Lib_Math.c,907 :: 		
0x0274	0xB0D8      	BTFSC       STATUS, 0, 0
;__Lib_Math.c,908 :: 		
0x0276	0x3C05      	INCFSZ      R5, 0, 0
;__Lib_Math.c,909 :: 		
0x0278	0x2609      	ADDWF       R9, 1, 0
;__Lib_Math.c,910 :: 		
0x027A	0x5006      	MOVF        R6, 0, 0
;__Lib_Math.c,911 :: 		
0x027C	0xB0D8      	BTFSC       STATUS, 0, 0
;__Lib_Math.c,912 :: 		
0x027E	0x3C06      	INCFSZ      R6, 0, 0
;__Lib_Math.c,913 :: 		
0x0280	0x260A      	ADDWF       R10, 1, 0
;__Lib_Math.c,914 :: 		
0x0282	0x5007      	MOVF        R7, 0, 0
;__Lib_Math.c,915 :: 		
0x0284	0xB0D8      	BTFSC       STATUS, 0, 0
;__Lib_Math.c,916 :: 		
0x0286	0x3C07      	INCFSZ      R7, 0, 0
;__Lib_Math.c,917 :: 		
0x0288	0x260B      	ADDWF       R11, 1, 0
;__Lib_Math.c,918 :: 		
SOK22L:
;__Lib_Math.c,920 :: 		
L_end_SDIV3232L:
0x028A	0x0012      	RETURN      0
; end of _SDIV3232L
_Delay_Cyc:
;__Lib_Delays.c,105 :: 		void Delay_Cyc(char cycles_div_by_10)  { // Cycles_div_by_10: min 3, max 255
;__Lib_Delays.c,106 :: 		--cycles_div_by_10;
0x028C	0x0644      	DECF        FARG_Delay_Cyc_cycles_div_by_10, 1 
;__Lib_Delays.c,107 :: 		--cycles_div_by_10;
0x028E	0x0644      	DECF        FARG_Delay_Cyc_cycles_div_by_10, 1 
;__Lib_Delays.c,108 :: 		while (cycles_div_by_10-- > 0) {
L_Delay_Cyc21:
0x0290	0xF001C044  	MOVFF       FARG_Delay_Cyc_cycles_div_by_10, R1
0x0294	0x0644      	DECF        FARG_Delay_Cyc_cycles_div_by_10, 1 
0x0296	0x5001      	MOVF        R1, 0 
0x0298	0x0800      	SUBLW       0
0x029A	0xE203      	BC          L_Delay_Cyc22
;__Lib_Delays.c,110 :: 		NOP
0x029C	0x0000      	NOP
;__Lib_Delays.c,111 :: 		NOP
0x029E	0x0000      	NOP
;__Lib_Delays.c,113 :: 		}
0x02A0	0xD7F7      	BRA         L_Delay_Cyc21
L_Delay_Cyc22:
;__Lib_Delays.c,115 :: 		NOP
0x02A2	0x0000      	NOP
;__Lib_Delays.c,116 :: 		NOP
0x02A4	0x0000      	NOP
;__Lib_Delays.c,117 :: 		NOP
0x02A6	0x0000      	NOP
;__Lib_Delays.c,118 :: 		NOP
0x02A8	0x0000      	NOP
;__Lib_Delays.c,119 :: 		NOP
0x02AA	0x0000      	NOP
;__Lib_Delays.c,121 :: 		}
L_end_Delay_Cyc:
0x02AC	0x0012      	RETURN      0
; end of _Delay_Cyc
_Soft_UART_Write:
;__Lib_SoftUART.c,104 :: 		
;__Lib_SoftUART.c,106 :: 		
0x02AE	0x0E01      	MOVLW       1
0x02B0	0x6E43      	MOVWF       Soft_UART_Write_mask_L0 
;__Lib_SoftUART.c,107 :: 		
0x02B2	0x5025      	MOVF        __Lib_SoftUART_InvertMaskRd, 0 
0x02B4	0x1A42      	XORWF       FARG_Soft_UART_Write_udata, 1 
;__Lib_SoftUART.c,109 :: 		
0x02B6	0xFFE9C022  	MOVFF       __Lib_SoftUART__port_addr, FSR0
0x02BA	0xFFEAC023  	MOVFF       __Lib_SoftUART__port_addr+1, FSR0+1
;__Lib_SoftUART.c,112 :: 		
0x02BE	0x5025      	MOVF        __Lib_SoftUART_InvertMaskRd, 0 
0x02C0	0x0A00      	XORLW       0
0x02C2	0xE003      	BZ          L_Soft_UART_Write13
;__Lib_SoftUART.c,114 :: 		
0x02C4	0x5024      	MOVF        __Lib_SoftUART__tx_mask1, 0 
0x02C6	0x12EF      	IORWF       INDF0, 1 
0x02C8	0xD002      	BRA         L_Soft_UART_Write14
L_Soft_UART_Write13:
;__Lib_SoftUART.c,117 :: 		
0x02CA	0x5026      	MOVF        __Lib_SoftUART__tx_mask0, 0 
0x02CC	0x16EF      	ANDWF       INDF0, 1 
L_Soft_UART_Write14:
;__Lib_SoftUART.c,119 :: 		
0x02CE	0xF044C029  	MOVFF       __Lib_SoftUART_FullBit, FARG_Delay_Cyc_cycles_div_by_10
0x02D2	0xDFDC      	RCALL       _Delay_Cyc
;__Lib_SoftUART.c,121 :: 		
0x02D4	0x1E42      	COMF        FARG_Soft_UART_Write_udata, 1 
;__Lib_SoftUART.c,123 :: 		
L_Soft_UART_Write15:
0x02D6	0x5243      	MOVF        Soft_UART_Write_mask_L0, 1 
0x02D8	0xE016      	BZ          L_Soft_UART_Write16
;__Lib_SoftUART.c,125 :: 		
0x02DA	0x5043      	MOVF        Soft_UART_Write_mask_L0, 0 
0x02DC	0x1442      	ANDWF       FARG_Soft_UART_Write_udata, 0 
0x02DE	0x6E00      	MOVWF       R0 
0x02E0	0xE103      	BNZ         L_Soft_UART_Write17
;__Lib_SoftUART.c,126 :: 		
0x02E2	0x5024      	MOVF        __Lib_SoftUART__tx_mask1, 0 
0x02E4	0x12EF      	IORWF       INDF0, 1 
0x02E6	0xD002      	BRA         L_Soft_UART_Write18
L_Soft_UART_Write17:
;__Lib_SoftUART.c,128 :: 		
0x02E8	0x5026      	MOVF        __Lib_SoftUART__tx_mask0, 0 
0x02EA	0x16EF      	ANDWF       INDF0, 1 
L_Soft_UART_Write18:
;__Lib_SoftUART.c,130 :: 		
0x02EC	0x3643      	RLCF        Soft_UART_Write_mask_L0, 1 
0x02EE	0x9043      	BCF         Soft_UART_Write_mask_L0, 0 
;__Lib_SoftUART.c,133 :: 		
0x02F0	0x0E02      	MOVLW       2
0x02F2	0x5C29      	SUBWF       __Lib_SoftUART_FullBit, 0 
0x02F4	0x6E44      	MOVWF       FARG_Delay_Cyc_cycles_div_by_10 
0x02F6	0xDFCA      	RCALL       _Delay_Cyc
;__Lib_SoftUART.c,134 :: 		
0x02F8	0x0000      	NOP
;__Lib_SoftUART.c,135 :: 		
0x02FA	0x0000      	NOP
;__Lib_SoftUART.c,136 :: 		
0x02FC	0x0000      	NOP
;__Lib_SoftUART.c,137 :: 		
0x02FE	0x0000      	NOP
;__Lib_SoftUART.c,138 :: 		
0x0300	0x0000      	NOP
;__Lib_SoftUART.c,139 :: 		
0x0302	0x0000      	NOP
;__Lib_SoftUART.c,140 :: 		
0x0304	0xD7E8      	BRA         L_Soft_UART_Write15
L_Soft_UART_Write16:
;__Lib_SoftUART.c,142 :: 		
0x0306	0x5025      	MOVF        __Lib_SoftUART_InvertMaskRd, 0 
0x0308	0x0A00      	XORLW       0
0x030A	0xE003      	BZ          L_Soft_UART_Write19
;__Lib_SoftUART.c,144 :: 		
0x030C	0x5026      	MOVF        __Lib_SoftUART__tx_mask0, 0 
0x030E	0x16EF      	ANDWF       INDF0, 1 
0x0310	0xD002      	BRA         L_Soft_UART_Write20
L_Soft_UART_Write19:
;__Lib_SoftUART.c,147 :: 		
0x0312	0x5024      	MOVF        __Lib_SoftUART__tx_mask1, 0 
0x0314	0x12EF      	IORWF       INDF0, 1 
L_Soft_UART_Write20:
;__Lib_SoftUART.c,149 :: 		
0x0316	0xF044C029  	MOVFF       __Lib_SoftUART_FullBit, FARG_Delay_Cyc_cycles_div_by_10
0x031A	0xDFB8      	RCALL       _Delay_Cyc
;__Lib_SoftUART.c,151 :: 		
L_end_Soft_UART_Write:
0x031C	0x0012      	RETURN      0
; end of _Soft_UART_Write
_Div_32x32_S:
;__Lib_Math.c,942 :: 		
;__Lib_Math.c,955 :: 		
0x031E	0x5004      	MOVF        R4, 0 
0x0320	0x0A00      	XORLW       0
0x0322	0xE112      	BNZ         L_Div_32x32_S6
;__Lib_Math.c,956 :: 		
0x0324	0x5005      	MOVF        R5, 0 
0x0326	0x0A00      	XORLW       0
0x0328	0xE10F      	BNZ         L_Div_32x32_S7
;__Lib_Math.c,957 :: 		
0x032A	0x5006      	MOVF        R6, 0 
0x032C	0x0A00      	XORLW       0
0x032E	0xE10C      	BNZ         L_Div_32x32_S8
;__Lib_Math.c,958 :: 		
0x0330	0x5007      	MOVF        R7, 0 
0x0332	0x0A00      	XORLW       0
0x0334	0xE109      	BNZ         L_Div_32x32_S9
;__Lib_Math.c,959 :: 		
0x0336	0x0EFF      	MOVLW       255
0x0338	0x6E00      	MOVWF       R0 
;__Lib_Math.c,960 :: 		
0x033A	0x0EFF      	MOVLW       255
0x033C	0x6E01      	MOVWF       R1 
;__Lib_Math.c,961 :: 		
0x033E	0x0EFF      	MOVLW       255
0x0340	0x6E02      	MOVWF       R2 
;__Lib_Math.c,962 :: 		
0x0342	0x0E7F      	MOVLW       127
0x0344	0x6E03      	MOVWF       R3 
;__Lib_Math.c,963 :: 		
0x0346	0xD097      	BRA         L_end_Div_32x32_S
;__Lib_Math.c,964 :: 		
L_Div_32x32_S9:
L_Div_32x32_S8:
L_Div_32x32_S7:
L_Div_32x32_S6:
;__Lib_Math.c,968 :: 		
0x0348	0x6A0C      	CLRF        R12, 0
;__Lib_Math.c,969 :: 		
0x034A	0xBE07      	BTFSC       R7, 7, 0
;__Lib_Math.c,970 :: 		
0x034C	0x2A0C      	INCF        R12, 1, 0
;__Lib_Math.c,972 :: 		
0x034E	0x6A0D      	CLRF        R13, 0
;__Lib_Math.c,973 :: 		
0x0350	0x6A0B      	CLRF        R11, 0
;__Lib_Math.c,974 :: 		
0x0352	0x6A0A      	CLRF        R10, 0
;__Lib_Math.c,975 :: 		
0x0354	0x6A09      	CLRF        R9, 0
;__Lib_Math.c,976 :: 		
0x0356	0x6A08      	CLRF        R8, 0
;__Lib_Math.c,977 :: 		
0x0358	0x5003      	MOVF        R3, 0, 0
;__Lib_Math.c,978 :: 		
0x035A	0x1002      	IORWF       R2, 0, 0
;__Lib_Math.c,979 :: 		
0x035C	0x1001      	IORWF       R1, 0, 0
;__Lib_Math.c,980 :: 		
0x035E	0x1000      	IORWF       R0, 0, 0
;__Lib_Math.c,981 :: 		
0x0360	0xB4D8      	BTFSC       STATUS, 2, 0
;__Lib_Math.c,982 :: 		
0x0362	0xD084      	BRA         END_ALL
;__Lib_Math.c,986 :: 		
0x0364	0x5003      	MOVF        R3, 0, 0
;__Lib_Math.c,987 :: 		
0x0366	0x1807      	XORWF       R7, 0, 0
;__Lib_Math.c,988 :: 		
0x0368	0x6E0E      	MOVWF       R14, 0
;__Lib_Math.c,989 :: 		
0x036A	0xBE0E      	BTFSC       R14, 7, 0
;__Lib_Math.c,990 :: 		
0x036C	0x1E0D      	COMF        R13, 1, 0
;__Lib_Math.c,993 :: 		
0x036E	0xAE07      	BTFSS       R7, 7, 0
;__Lib_Math.c,994 :: 		
0x0370	0xD00B      	BRA         CA3232S
;__Lib_Math.c,996 :: 		
0x0372	0x1E04      	COMF        R4, 1, 0
;__Lib_Math.c,997 :: 		
0x0374	0x1E05      	COMF        R5, 1, 0
;__Lib_Math.c,998 :: 		
0x0376	0x1E06      	COMF        R6, 1, 0
;__Lib_Math.c,999 :: 		
0x0378	0x1E07      	COMF        R7, 1, 0
;__Lib_Math.c,1000 :: 		
0x037A	0x2A04      	INCF        R4, 1, 0
;__Lib_Math.c,1001 :: 		
0x037C	0xB4D8      	BTFSC       STATUS, 2, 0
;__Lib_Math.c,1002 :: 		
0x037E	0x2A05      	INCF        R5, 1, 0
;__Lib_Math.c,1003 :: 		
0x0380	0xB4D8      	BTFSC       STATUS, 2, 0
;__Lib_Math.c,1004 :: 		
0x0382	0x2A06      	INCF        R6, 1, 0
;__Lib_Math.c,1005 :: 		
0x0384	0xB4D8      	BTFSC       STATUS, 2, 0
;__Lib_Math.c,1006 :: 		
0x0386	0x2A07      	INCF        R7, 1, 0
;__Lib_Math.c,1008 :: 		
CA3232S:
;__Lib_Math.c,1009 :: 		
0x0388	0xAE03      	BTFSS       R3, 7, 0
;__Lib_Math.c,1010 :: 		
0x038A	0xD00B      	BRA         C3232SX
;__Lib_Math.c,1012 :: 		
0x038C	0x1E00      	COMF        R0, 1, 0
;__Lib_Math.c,1013 :: 		
0x038E	0x1E01      	COMF        R1, 1, 0
;__Lib_Math.c,1014 :: 		
0x0390	0x1E02      	COMF        R2, 1, 0
;__Lib_Math.c,1015 :: 		
0x0392	0x1E03      	COMF        R3, 1, 0
;__Lib_Math.c,1016 :: 		
0x0394	0x2A00      	INCF        R0, 1, 0
;__Lib_Math.c,1017 :: 		
0x0396	0xB4D8      	BTFSC       STATUS, 2, 0
;__Lib_Math.c,1018 :: 		
0x0398	0x2A01      	INCF        R1, 1, 0
;__Lib_Math.c,1019 :: 		
0x039A	0xB4D8      	BTFSC       STATUS, 2, 0
;__Lib_Math.c,1020 :: 		
0x039C	0x2A02      	INCF        R2, 1, 0
;__Lib_Math.c,1021 :: 		
0x039E	0xB4D8      	BTFSC       STATUS, 2, 0
;__Lib_Math.c,1022 :: 		
0x03A0	0x2A03      	INCF        R3, 1, 0
;__Lib_Math.c,1024 :: 		
C3232SX:
;__Lib_Math.c,1025 :: 		
0x03A2	0x5003      	MOVF        R3, 0, 0
;__Lib_Math.c,1026 :: 		
0x03A4	0x1007      	IORWF       R7, 0, 0
;__Lib_Math.c,1027 :: 		
0x03A6	0x6E0E      	MOVWF       R14, 0
;__Lib_Math.c,1028 :: 		
0x03A8	0xBE0E      	BTFSC       R14, 7, 0
;__Lib_Math.c,1029 :: 		
0x03AA	0xD01C      	BRA         C3232SX1
;__Lib_Math.c,1030 :: 		
C3232S:
;__Lib_Math.c,1034 :: 		
0x03AC	0xDE43      	RCALL       _SDIV3232L
;__Lib_Math.c,1038 :: 		
0x03AE	0xBE0C      	BTFSC       R12, 7, 0
;__Lib_Math.c,1039 :: 		
0x03B0	0xD036      	BRA         C3232SX4
;__Lib_Math.c,1041 :: 		
C3232SOK:
;__Lib_Math.c,1042 :: 		
0x03B2	0xAE0D      	BTFSS       R13, 7, 0
;__Lib_Math.c,1043 :: 		
0x03B4	0xD05B      	BRA         END_ALL
;__Lib_Math.c,1045 :: 		
0x03B6	0x1E00      	COMF        R0, 1, 0
;__Lib_Math.c,1046 :: 		
0x03B8	0x1E01      	COMF        R1, 1, 0
;__Lib_Math.c,1047 :: 		
0x03BA	0x1E02      	COMF        R2, 1, 0
;__Lib_Math.c,1048 :: 		
0x03BC	0x1E03      	COMF        R3, 1, 0
;__Lib_Math.c,1049 :: 		
0x03BE	0x2A00      	INCF        R0, 1, 0
;__Lib_Math.c,1050 :: 		
0x03C0	0xB4D8      	BTFSC       STATUS, 2, 0
;__Lib_Math.c,1051 :: 		
0x03C2	0x2A01      	INCF        R1, 1, 0
;__Lib_Math.c,1052 :: 		
0x03C4	0xB4D8      	BTFSC       STATUS, 2, 0
;__Lib_Math.c,1053 :: 		
0x03C6	0x2A02      	INCF        R2, 1, 0
;__Lib_Math.c,1054 :: 		
0x03C8	0xB4D8      	BTFSC       STATUS, 2, 0
;__Lib_Math.c,1055 :: 		
0x03CA	0x2A03      	INCF        R3, 1, 0
;__Lib_Math.c,1057 :: 		
0x03CC	0x1E08      	COMF        R8, 1, 0
;__Lib_Math.c,1058 :: 		
0x03CE	0x1E09      	COMF        R9, 1, 0
;__Lib_Math.c,1059 :: 		
0x03D0	0x1E0A      	COMF        R10, 1, 0
;__Lib_Math.c,1060 :: 		
0x03D2	0x1E0B      	COMF        R11, 1, 0
;__Lib_Math.c,1061 :: 		
0x03D4	0x2A08      	INCF        R8, 1, 0
;__Lib_Math.c,1062 :: 		
0x03D6	0xB4D8      	BTFSC       STATUS, 2, 0
;__Lib_Math.c,1063 :: 		
0x03D8	0x2A09      	INCF        R9, 1, 0
;__Lib_Math.c,1064 :: 		
0x03DA	0xB4D8      	BTFSC       STATUS, 2, 0
;__Lib_Math.c,1065 :: 		
0x03DC	0x2A0A      	INCF        R10, 1, 0
;__Lib_Math.c,1066 :: 		
0x03DE	0xB4D8      	BTFSC       STATUS, 2, 0
;__Lib_Math.c,1067 :: 		
0x03E0	0x2A0B      	INCF        R11, 1, 0
;__Lib_Math.c,1068 :: 		
0x03E2	0xD044      	BRA         END_ALL
;__Lib_Math.c,1069 :: 		
C3232SX1:
;__Lib_Math.c,1072 :: 		
0x03E4	0xAE07      	BTFSS       R7, 7, 0
;__Lib_Math.c,1073 :: 		
0x03E6	0xD015      	BRA         C3232SX3
;__Lib_Math.c,1074 :: 		
0x03E8	0xBE03      	BTFSC       R3, 7, 0
;__Lib_Math.c,1075 :: 		
0x03EA	0xD00D      	BRA         C3232SX2
;__Lib_Math.c,1076 :: 		
0x03EC	0x5003      	MOVF        R3, 0, 0
;__Lib_Math.c,1077 :: 		
0x03EE	0x6E0B      	MOVWF       R11, 0
;__Lib_Math.c,1078 :: 		
0x03F0	0x5002      	MOVF        R2, 0, 0
;__Lib_Math.c,1079 :: 		
0x03F2	0x6E0A      	MOVWF       R10, 0
;__Lib_Math.c,1080 :: 		
0x03F4	0x5001      	MOVF        R1, 0, 0
;__Lib_Math.c,1081 :: 		
0x03F6	0x6E09      	MOVWF       R9, 0
;__Lib_Math.c,1082 :: 		
0x03F8	0x5000      	MOVF        R0, 0, 0
;__Lib_Math.c,1083 :: 		
0x03FA	0x6E08      	MOVWF       R8, 0
;__Lib_Math.c,1084 :: 		
0x03FC	0x6A03      	CLRF        R3, 0
;__Lib_Math.c,1085 :: 		
0x03FE	0x6A02      	CLRF        R2, 0
;__Lib_Math.c,1086 :: 		
0x0400	0x6A01      	CLRF        R1, 0
;__Lib_Math.c,1087 :: 		
0x0402	0x6A00      	CLRF        R0, 0
;__Lib_Math.c,1088 :: 		
0x0404	0xD7D6      	BRA         C3232SOK
;__Lib_Math.c,1089 :: 		
C3232SX2:
;__Lib_Math.c,1090 :: 		
0x0406	0x6A03      	CLRF        R3, 0
;__Lib_Math.c,1091 :: 		
0x0408	0x6A02      	CLRF        R2, 0
;__Lib_Math.c,1092 :: 		
0x040A	0x6A01      	CLRF        R1, 0
;__Lib_Math.c,1093 :: 		
0x040C	0x6A00      	CLRF        R0, 0
;__Lib_Math.c,1094 :: 		
0x040E	0x2A00      	INCF        R0, 1, 0
;__Lib_Math.c,1095 :: 		
0x0410	0x0C00      	RETLW       0
;__Lib_Math.c,1097 :: 		
C3232SX3:
;__Lib_Math.c,1098 :: 		
0x0412	0x1E03      	COMF        R3, 1, 0
;__Lib_Math.c,1099 :: 		
0x0414	0x1E02      	COMF        R2, 1, 0
;__Lib_Math.c,1100 :: 		
0x0416	0x1E01      	COMF        R1, 1, 0
;__Lib_Math.c,1101 :: 		
0x0418	0x1E00      	COMF        R0, 1, 0
;__Lib_Math.c,1103 :: 		
0x041A	0x8E0C      	BSF         R12, 7, 0
;__Lib_Math.c,1104 :: 		
0x041C	0xD7C7      	BRA         C3232S
;__Lib_Math.c,1105 :: 		
C3232SX4:
;__Lib_Math.c,1108 :: 		
0x041E	0x2A08      	INCF        R8, 1, 0
;__Lib_Math.c,1109 :: 		
0x0420	0xB4D8      	BTFSC       STATUS, 2, 0
;__Lib_Math.c,1110 :: 		
0x0422	0x2A09      	INCF        R9, 1, 0
;__Lib_Math.c,1111 :: 		
0x0424	0xB4D8      	BTFSC       STATUS, 2, 0
;__Lib_Math.c,1112 :: 		
0x0426	0x2A0A      	INCF        R10, 1, 0
;__Lib_Math.c,1113 :: 		
0x0428	0xB4D8      	BTFSC       STATUS, 2, 0
;__Lib_Math.c,1114 :: 		
0x042A	0x2A0B      	INCF        R11, 1, 0
;__Lib_Math.c,1115 :: 		
0x042C	0x5004      	MOVF        R4, 0, 0
;__Lib_Math.c,1116 :: 		
0x042E	0x5C08      	SUBWF       R8, 0, 0
;__Lib_Math.c,1117 :: 		
0x0430	0xA4D8      	BTFSS       STATUS, 2, 0
;__Lib_Math.c,1118 :: 		
0x0432	0xD7BF      	BRA         C3232SOK
;__Lib_Math.c,1119 :: 		
0x0434	0x5005      	MOVF        R5, 0, 0
;__Lib_Math.c,1120 :: 		
0x0436	0x5C09      	SUBWF       R9, 0, 0
;__Lib_Math.c,1121 :: 		
0x0438	0xA4D8      	BTFSS       STATUS, 2, 0
;__Lib_Math.c,1122 :: 		
0x043A	0xD7BB      	BRA         C3232SOK
;__Lib_Math.c,1123 :: 		
0x043C	0x5006      	MOVF        R6, 0, 0
;__Lib_Math.c,1124 :: 		
0x043E	0x5C0A      	SUBWF       R10, 0, 0
;__Lib_Math.c,1125 :: 		
0x0440	0xA4D8      	BTFSS       STATUS, 2, 0
;__Lib_Math.c,1126 :: 		
0x0442	0xD7B7      	BRA         C3232SOK
;__Lib_Math.c,1127 :: 		
0x0444	0x5007      	MOVF        R7, 0, 0
;__Lib_Math.c,1128 :: 		
0x0446	0x5C0B      	SUBWF       R11, 0, 0
;__Lib_Math.c,1129 :: 		
0x0448	0xA4D8      	BTFSS       STATUS, 2, 0
;__Lib_Math.c,1130 :: 		
0x044A	0xD7B3      	BRA         C3232SOK
;__Lib_Math.c,1131 :: 		
0x044C	0x6A0B      	CLRF        R11, 0
;__Lib_Math.c,1132 :: 		
0x044E	0x6A0A      	CLRF        R10, 0
;__Lib_Math.c,1133 :: 		
0x0450	0x6A09      	CLRF        R9, 0
;__Lib_Math.c,1134 :: 		
0x0452	0x6A08      	CLRF        R8, 0
;__Lib_Math.c,1135 :: 		
0x0454	0x2A00      	INCF        R0, 1, 0
;__Lib_Math.c,1136 :: 		
0x0456	0xB4D8      	BTFSC       STATUS, 2, 0
;__Lib_Math.c,1137 :: 		
0x0458	0x2A01      	INCF        R1, 1, 0
;__Lib_Math.c,1138 :: 		
0x045A	0xB4D8      	BTFSC       STATUS, 2, 0
;__Lib_Math.c,1139 :: 		
0x045C	0x2A02      	INCF        R2, 1, 0
;__Lib_Math.c,1140 :: 		
0x045E	0xB4D8      	BTFSC       STATUS, 2, 0
;__Lib_Math.c,1141 :: 		
0x0460	0x2A03      	INCF        R3, 1, 0
;__Lib_Math.c,1142 :: 		
0x0462	0xAE03      	BTFSS       R3, 7, 0
;__Lib_Math.c,1143 :: 		
0x0464	0xD7A6      	BRA         C3232SOK
;__Lib_Math.c,1144 :: 		
0x0466	0x6A0E      	CLRF        R14, 0
;__Lib_Math.c,1145 :: 		
0x0468	0x880E      	BSF         R14, 4, 0
;__Lib_Math.c,1146 :: 		
0x046A	0x0CFF      	RETLW       255
;__Lib_Math.c,1147 :: 		
END_ALL:
;__Lib_Math.c,1148 :: 		
0x046C	0x6A0E      	CLRF        R14, 0
;__Lib_Math.c,1149 :: 		
0x046E	0xA00C      	BTFSS       R12, 0, 0
;__Lib_Math.c,1150 :: 		
0x0470	0xD001      	BRA         avoid_comfrem
;__Lib_Math.c,1153 :: 		
0x0472	0xDDD4      	RCALL       _COMFREM
;__Lib_Math.c,1155 :: 		
avoid_comfrem:
;__Lib_Math.c,1156 :: 		
0x0474	0x0F00      	ADDLW       0
;__Lib_Math.c,1158 :: 		
L_end_Div_32x32_S:
0x0476	0x0012      	RETURN      0
; end of _Div_32x32_S
_Get_Fosc_kHz:
;__Lib_Delays.c,1 :: 		unsigned long Get_Fosc_kHz(){
;__Lib_Delays.c,3 :: 		return Clock_kHz();
0x0478	0x0EA0      	MOVLW       160
0x047A	0x6E00      	MOVWF       R0 
0x047C	0x0E0F      	MOVLW       15
0x047E	0x6E01      	MOVWF       R1 
0x0480	0x0E00      	MOVLW       0
0x0482	0x6E02      	MOVWF       R2 
0x0484	0x6E03      	MOVWF       R3 
;__Lib_Delays.c,5 :: 		}
L_end_Get_Fosc_kHz:
0x0486	0x0012      	RETURN      0
; end of _Get_Fosc_kHz
_Mul_32x32_U:
;__Lib_Math.c,1616 :: 		
;__Lib_Math.c,1631 :: 		
0x0488	0x0E22      	MOVLW       34
;__Lib_Math.c,1632 :: 		
0x048A	0x6E0C      	MOVWF       R12, 0
;__Lib_Math.c,1633 :: 		
0x048C	0x6A08      	CLRF        R8, 0
;__Lib_Math.c,1634 :: 		
0x048E	0x6A09      	CLRF        R9, 0
;__Lib_Math.c,1635 :: 		
0x0490	0x6A0A      	CLRF        R10, 0
;__Lib_Math.c,1636 :: 		
0x0492	0x6A0B      	CLRF        R11, 0
;__Lib_Math.c,1638 :: 		
_NEXT:
;__Lib_Math.c,1642 :: 		
0x0494	0x060C      	DECF        R12, 1, 0
;__Lib_Math.c,1643 :: 		
0x0496	0xB4D8      	BTFSC       STATUS, 2, 0
;__Lib_Math.c,1644 :: 		
0x0498	0xD01F      	BRA         _EXIT2
;__Lib_Math.c,1645 :: 		
0x049A	0x90D8      	BCF         STATUS, 0, 0
;__Lib_Math.c,1647 :: 		
_LOOP:
;__Lib_Math.c,1656 :: 		
0x049C	0x320B      	RRCF        R11, 1, 0
;__Lib_Math.c,1657 :: 		
0x049E	0x320A      	RRCF        R10, 1, 0
;__Lib_Math.c,1658 :: 		
0x04A0	0x3209      	RRCF        R9, 1, 0
;__Lib_Math.c,1659 :: 		
0x04A2	0x3208      	RRCF        R8, 1, 0
;__Lib_Math.c,1660 :: 		
0x04A4	0x3203      	RRCF        R3, 1, 0
;__Lib_Math.c,1661 :: 		
0x04A6	0x3202      	RRCF        R2, 1, 0
;__Lib_Math.c,1662 :: 		
0x04A8	0x3201      	RRCF        R1, 1, 0
;__Lib_Math.c,1663 :: 		
0x04AA	0x3200      	RRCF        R0, 1, 0
;__Lib_Math.c,1668 :: 		
0x04AC	0xA0D8      	BTFSS       STATUS, 0, 0
;__Lib_Math.c,1669 :: 		
0x04AE	0xD7F2      	BRA         _NEXT
;__Lib_Math.c,1670 :: 		
0x04B0	0x060C      	DECF        R12, 1, 0
;__Lib_Math.c,1671 :: 		
0x04B2	0xB4D8      	BTFSC       STATUS, 2, 0
;__Lib_Math.c,1672 :: 		
0x04B4	0xD009      	BRA         _EXIT1
;__Lib_Math.c,1679 :: 		
0x04B6	0x5004      	MOVF        R4, 0, 0
;__Lib_Math.c,1680 :: 		
0x04B8	0x2608      	ADDWF       R8, 1, 0
;__Lib_Math.c,1681 :: 		
0x04BA	0x5005      	MOVF        R5, 0, 0
;__Lib_Math.c,1684 :: 		
0x04BC	0x2209      	ADDWFC      R9, 1, 0
;__Lib_Math.c,1685 :: 		
0x04BE	0x5006      	MOVF        R6, 0, 0
;__Lib_Math.c,1688 :: 		
0x04C0	0x220A      	ADDWFC      R10, 1, 0
;__Lib_Math.c,1689 :: 		
0x04C2	0x5007      	MOVF        R7, 0, 0
;__Lib_Math.c,1692 :: 		
0x04C4	0x220B      	ADDWFC      R11, 1, 0
;__Lib_Math.c,1694 :: 		
0x04C6	0xD7EA      	BRA         _LOOP
;__Lib_Math.c,1696 :: 		
_EXIT1:
;__Lib_Math.c,1701 :: 		
0x04C8	0x5004      	MOVF        R4, 0, 0
;__Lib_Math.c,1702 :: 		
0x04CA	0x2608      	ADDWF       R8, 1, 0
;__Lib_Math.c,1703 :: 		
0x04CC	0x5005      	MOVF        R5, 0, 0
;__Lib_Math.c,1706 :: 		
0x04CE	0x2209      	ADDWFC      R9, 1, 0
;__Lib_Math.c,1707 :: 		
0x04D0	0x5006      	MOVF        R6, 0, 0
;__Lib_Math.c,1710 :: 		
0x04D2	0x220A      	ADDWFC      R10, 1, 0
;__Lib_Math.c,1711 :: 		
0x04D4	0x5007      	MOVF        R7, 0, 0
;__Lib_Math.c,1714 :: 		
0x04D6	0x220B      	ADDWFC      R11, 1, 0
;__Lib_Math.c,1717 :: 		
_EXIT2:
;__Lib_Math.c,1719 :: 		
L_end_Mul_32x32_U:
0x04D8	0x0012      	RETURN      0
; end of _Mul_32x32_U
___CC2DW:
;__Lib_System.c,21 :: 		
;__Lib_System.c,23 :: 		
_CC2DL_Loop1:
;__Lib_System.c,24 :: 		
0x04DA	0x0009      	TBLRD*+
;__Lib_System.c,25 :: 		
0x04DC	0xFFE6CFF5  	MOVFF       TABLAT, POSTINC1
;__Lib_System.c,26 :: 		
0x04E0	0x0600      	DECF        R0, 1, 0
;__Lib_System.c,27 :: 		
0x04E2	0xE1FB      	BNZ         _CC2DL_Loop1
;__Lib_System.c,28 :: 		
0x04E4	0x0601      	DECF        R1, 1, 0
;__Lib_System.c,29 :: 		
0x04E6	0xE1F9      	BNZ         _CC2DL_Loop1
;__Lib_System.c,31 :: 		
L_end___CC2DW:
0x04E8	0x0012      	RETURN      0
; end of ___CC2DW
_Soft_UART_Init:
;__Lib_SoftUART.c,154 :: 		
;__Lib_SoftUART.c,158 :: 		
0x04EA	0xF022C02B  	MOVFF       FARG_Soft_UART_Init_port, __Lib_SoftUART__port_addr
0x04EE	0xF023C02C  	MOVFF       FARG_Soft_UART_Init_port+1, __Lib_SoftUART__port_addr+1
;__Lib_SoftUART.c,159 :: 		
0x04F2	0xF000C02D  	MOVFF       FARG_Soft_UART_Init_rx_pin, R0
0x04F6	0x0E01      	MOVLW       1
0x04F8	0x6E02      	MOVWF       R2 
0x04FA	0x5000      	MOVF        R0, 0 
L__Soft_UART_Init32:
0x04FC	0xE004      	BZ          L__Soft_UART_Init33
0x04FE	0x3602      	RLCF        R2, 1 
0x0500	0x9002      	BCF         R2, 0 
0x0502	0x0FFF      	ADDLW       255
0x0504	0xD7FB      	BRA         L__Soft_UART_Init32
L__Soft_UART_Init33:
0x0506	0xF02AC002  	MOVFF       R2, __Lib_SoftUART__rx_mask1
;__Lib_SoftUART.c,160 :: 		
0x050A	0x1C02      	COMF        R2, 0 
0x050C	0x6E27      	MOVWF       __Lib_SoftUART__rx_mask0 
;__Lib_SoftUART.c,161 :: 		
0x050E	0xF001C02E  	MOVFF       FARG_Soft_UART_Init_tx_pin, R1
0x0512	0x0E01      	MOVLW       1
0x0514	0x6E00      	MOVWF       R0 
0x0516	0x5001      	MOVF        R1, 0 
L__Soft_UART_Init34:
0x0518	0xE004      	BZ          L__Soft_UART_Init35
0x051A	0x3600      	RLCF        R0, 1 
0x051C	0x9000      	BCF         R0, 0 
0x051E	0x0FFF      	ADDLW       255
0x0520	0xD7FB      	BRA         L__Soft_UART_Init34
L__Soft_UART_Init35:
0x0522	0xF024C000  	MOVFF       R0, __Lib_SoftUART__tx_mask1
;__Lib_SoftUART.c,162 :: 		
0x0526	0x1E00      	COMF        R0, 1 
0x0528	0xF026C000  	MOVFF       R0, __Lib_SoftUART__tx_mask0
;__Lib_SoftUART.c,165 :: 		
0x052C	0x0E12      	MOVLW       18
0x052E	0x242B      	ADDWF       FARG_Soft_UART_Init_port, 0 
0x0530	0x6EE9      	MOVWF       FSR0 
0x0532	0x0E00      	MOVLW       0
0x0534	0x202C      	ADDWFC      FARG_Soft_UART_Init_port+1, 0 
0x0536	0x6EEA      	MOVWF       FSR0+1 
;__Lib_SoftUART.c,166 :: 		
0x0538	0x5002      	MOVF        R2, 0 
0x053A	0x12EF      	IORWF       INDF0, 1 
;__Lib_SoftUART.c,169 :: 		
0x053C	0x5000      	MOVF        R0, 0 
0x053E	0x16EF      	ANDWF       INDF0, 1 
;__Lib_SoftUART.c,171 :: 		
0x0540	0x6A25      	CLRF        __Lib_SoftUART_InvertMaskRd 
;__Lib_SoftUART.c,172 :: 		
0x0542	0x5233      	MOVF        FARG_Soft_UART_Init_inverted, 1 
0x0544	0xA4D8      	BTFSS       STATUS, 2 
;__Lib_SoftUART.c,173 :: 		
0x0546	0x1E25      	COMF        __Lib_SoftUART_InvertMaskRd, 1 
L_Soft_UART_Init21:
;__Lib_SoftUART.c,176 :: 		
0x0548	0x0E12      	MOVLW       18
0x054A	0x5EE9      	SUBWF       FSR0L, 1 
;__Lib_SoftUART.c,177 :: 		
0x054C	0x5025      	MOVF        __Lib_SoftUART_InvertMaskRd, 0 
0x054E	0x0A00      	XORLW       0
0x0550	0xE003      	BZ          L_Soft_UART_Init22
;__Lib_SoftUART.c,179 :: 		
0x0552	0x5026      	MOVF        __Lib_SoftUART__tx_mask0, 0 
0x0554	0x16EF      	ANDWF       INDF0, 1 
0x0556	0xD002      	BRA         L_Soft_UART_Init23
L_Soft_UART_Init22:
;__Lib_SoftUART.c,182 :: 		
0x0558	0x5024      	MOVF        __Lib_SoftUART__tx_mask1, 0 
0x055A	0x12EF      	IORWF       INDF0, 1 
L_Soft_UART_Init23:
;__Lib_SoftUART.c,184 :: 		
0x055C	0xDF8D      	RCALL       _Get_Fosc_kHz
0x055E	0x0EE8      	MOVLW       232
0x0560	0x6E04      	MOVWF       R4 
0x0562	0x0E03      	MOVLW       3
0x0564	0x6E05      	MOVWF       R5 
0x0566	0x0E00      	MOVLW       0
0x0568	0x6E06      	MOVWF       R6 
0x056A	0x6E07      	MOVWF       R7 
0x056C	0xDF8D      	RCALL       _Mul_32x32_U
0x056E	0xF03EC000  	MOVFF       R0, FLOC__Soft_UART_Init
0x0572	0xF03FC001  	MOVFF       R1, FLOC__Soft_UART_Init+1
0x0576	0xF040C002  	MOVFF       R2, FLOC__Soft_UART_Init+2
0x057A	0xF041C003  	MOVFF       R3, FLOC__Soft_UART_Init+3
0x057E	0xF034C03E  	MOVFF       FLOC__Soft_UART_Init, Soft_UART_Init_q1_L0
0x0582	0xF035C03F  	MOVFF       FLOC__Soft_UART_Init+1, Soft_UART_Init_q1_L0+1
0x0586	0xF036C040  	MOVFF       FLOC__Soft_UART_Init+2, Soft_UART_Init_q1_L0+2
0x058A	0xF037C041  	MOVFF       FLOC__Soft_UART_Init+3, Soft_UART_Init_q1_L0+3
;__Lib_SoftUART.c,185 :: 		
0x058E	0xF000C02F  	MOVFF       FARG_Soft_UART_Init_baud_rate, R0
0x0592	0xF001C030  	MOVFF       FARG_Soft_UART_Init_baud_rate+1, R1
0x0596	0xF002C031  	MOVFF       FARG_Soft_UART_Init_baud_rate+2, R2
0x059A	0xF003C032  	MOVFF       FARG_Soft_UART_Init_baud_rate+3, R3
0x059E	0x3600      	RLCF        R0, 1 
0x05A0	0x9000      	BCF         R0, 0 
0x05A2	0x3601      	RLCF        R1, 1 
0x05A4	0x3602      	RLCF        R2, 1 
0x05A6	0x3603      	RLCF        R3, 1 
0x05A8	0x3600      	RLCF        R0, 1 
0x05AA	0x9000      	BCF         R0, 0 
0x05AC	0x3601      	RLCF        R1, 1 
0x05AE	0x3602      	RLCF        R2, 1 
0x05B0	0x3603      	RLCF        R3, 1 
0x05B2	0x0E0A      	MOVLW       10
0x05B4	0x6E04      	MOVWF       R4 
0x05B6	0x0E00      	MOVLW       0
0x05B8	0x6E05      	MOVWF       R5 
0x05BA	0x6E06      	MOVWF       R6 
0x05BC	0x6E07      	MOVWF       R7 
0x05BE	0xDF64      	RCALL       _Mul_32x32_U
0x05C0	0xF038C000  	MOVFF       R0, Soft_UART_Init_q2_L0
0x05C4	0xF039C001  	MOVFF       R1, Soft_UART_Init_q2_L0+1
0x05C8	0xF03AC002  	MOVFF       R2, Soft_UART_Init_q2_L0+2
0x05CC	0xF03BC003  	MOVFF       R3, Soft_UART_Init_q2_L0+3
;__Lib_SoftUART.c,188 :: 		
0x05D0	0xF004C000  	MOVFF       R0, R4
0x05D4	0xF005C001  	MOVFF       R1, R5
0x05D8	0xF006C002  	MOVFF       R2, R6
0x05DC	0xF007C003  	MOVFF       R3, R7
0x05E0	0xF000C03E  	MOVFF       FLOC__Soft_UART_Init, R0
0x05E4	0xF001C03F  	MOVFF       FLOC__Soft_UART_Init+1, R1
0x05E8	0xF002C040  	MOVFF       FLOC__Soft_UART_Init+2, R2
0x05EC	0xF003C041  	MOVFF       FLOC__Soft_UART_Init+3, R3
0x05F0	0xDE96      	RCALL       _Div_32x32_S
0x05F2	0xF03CC000  	MOVFF       R0, Soft_UART_Init_temp_word_L0
0x05F6	0xF03DC001  	MOVFF       R1, Soft_UART_Init_temp_word_L0+1
;__Lib_SoftUART.c,189 :: 		
0x05FA	0xF004C001  	MOVFF       R1, R4
0x05FE	0x6A05      	CLRF        R5 
0x0600	0x5004      	MOVF        R4, 0 
0x0602	0x1005      	IORWF       R5, 0 
0x0604	0xE003      	BZ          L_Soft_UART_Init24
;__Lib_SoftUART.c,190 :: 		
0x0606	0x0E02      	MOVLW       2
0x0608	0x6E00      	MOVWF       R0 
0x060A	0xD050      	BRA         L_end_Soft_UART_Init
L_Soft_UART_Init24:
;__Lib_SoftUART.c,192 :: 		
0x060C	0xF029C03C  	MOVFF       Soft_UART_Init_temp_word_L0, __Lib_SoftUART_FullBit
;__Lib_SoftUART.c,193 :: 		
0x0610	0xF004C038  	MOVFF       Soft_UART_Init_q2_L0, R4
0x0614	0xF005C039  	MOVFF       Soft_UART_Init_q2_L0+1, R5
0x0618	0xF006C03A  	MOVFF       Soft_UART_Init_q2_L0+2, R6
0x061C	0xF007C03B  	MOVFF       Soft_UART_Init_q2_L0+3, R7
0x0620	0xF000C034  	MOVFF       Soft_UART_Init_q1_L0, R0
0x0624	0xF001C035  	MOVFF       Soft_UART_Init_q1_L0+1, R1
0x0628	0xF002C036  	MOVFF       Soft_UART_Init_q1_L0+2, R2
0x062C	0xF003C037  	MOVFF       Soft_UART_Init_q1_L0+3, R3
0x0630	0xDE76      	RCALL       _Div_32x32_S
0x0632	0xF000C008  	MOVFF       R8, R0
0x0636	0xF001C009  	MOVFF       R9, R1
0x063A	0xF002C00A  	MOVFF       R10, R2
0x063E	0xF003C00B  	MOVFF       R11, R3
0x0642	0xF034C000  	MOVFF       R0, Soft_UART_Init_q1_L0
0x0646	0xF035C001  	MOVFF       R1, Soft_UART_Init_q1_L0+1
0x064A	0xF036C002  	MOVFF       R2, Soft_UART_Init_q1_L0+2
0x064E	0xF037C003  	MOVFF       R3, Soft_UART_Init_q1_L0+3
;__Lib_SoftUART.c,195 :: 		
0x0652	0xF005C038  	MOVFF       Soft_UART_Init_q2_L0, R5
0x0656	0xF006C039  	MOVFF       Soft_UART_Init_q2_L0+1, R6
0x065A	0xF007C03A  	MOVFF       Soft_UART_Init_q2_L0+2, R7
0x065E	0xF008C03B  	MOVFF       Soft_UART_Init_q2_L0+3, R8
0x0662	0x3208      	RRCF        R8, 1 
0x0664	0x3207      	RRCF        R7, 1 
0x0666	0x3206      	RRCF        R6, 1 
0x0668	0x3205      	RRCF        R5, 1 
0x066A	0x9E08      	BCF         R8, 7 
0x066C	0xBC08      	BTFSC       R8, 6 
0x066E	0x8E08      	BSF         R8, 7 
0x0670	0x0E80      	MOVLW       128
0x0672	0x1808      	XORWF       R8, 0 
0x0674	0x6E04      	MOVWF       R4 
0x0676	0x0E80      	MOVLW       128
0x0678	0x1803      	XORWF       R3, 0 
0x067A	0x5C04      	SUBWF       R4, 0 
0x067C	0xE108      	BNZ         L__Soft_UART_Init36
0x067E	0x5002      	MOVF        R2, 0 
0x0680	0x5C07      	SUBWF       R7, 0 
0x0682	0xE105      	BNZ         L__Soft_UART_Init36
0x0684	0x5001      	MOVF        R1, 0 
0x0686	0x5C06      	SUBWF       R6, 0 
0x0688	0xE102      	BNZ         L__Soft_UART_Init36
0x068A	0x5000      	MOVF        R0, 0 
0x068C	0x5C05      	SUBWF       R5, 0 
L__Soft_UART_Init36:
0x068E	0xA0D8      	BTFSS       STATUS, 0 
;__Lib_SoftUART.c,196 :: 		
0x0690	0x2A29      	INCF        __Lib_SoftUART_FullBit, 1 
L_Soft_UART_Init25:
;__Lib_SoftUART.c,198 :: 		
0x0692	0xF001C029  	MOVFF       __Lib_SoftUART_FullBit, R1
0x0696	0x3201      	RRCF        R1, 1 
0x0698	0x9E01      	BCF         R1, 7 
0x069A	0xF028C001  	MOVFF       R1, __Lib_SoftUART_HalfBit
;__Lib_SoftUART.c,200 :: 		
0x069E	0x0E07      	MOVLW       7
0x06A0	0x5C01      	SUBWF       R1, 0 
0x06A2	0xE203      	BC          L_Soft_UART_Init26
;__Lib_SoftUART.c,201 :: 		
0x06A4	0x0E01      	MOVLW       1
0x06A6	0x6E00      	MOVWF       R0 
0x06A8	0xD001      	BRA         L_end_Soft_UART_Init
L_Soft_UART_Init26:
;__Lib_SoftUART.c,203 :: 		
0x06AA	0x6A00      	CLRF        R0 
;__Lib_SoftUART.c,204 :: 		
L_end_Soft_UART_Init:
0x06AC	0x0012      	RETURN      0
; end of _Soft_UART_Init
_send_to_modem:
;RFID_MODULE.c,2 :: 		void send_to_modem(char *s){
;RFID_MODULE.c,3 :: 		while(*s){
L_send_to_modem0:
0x06AE	0xFFE9C02B  	MOVFF       FARG_send_to_modem_s, FSR0L
0x06B2	0xFFEAC02C  	MOVFF       FARG_send_to_modem_s+1, FSR0H
0x06B6	0x52EE      	MOVF        POSTINC0, 1 
0x06B8	0xE00A      	BZ          L_send_to_modem1
;RFID_MODULE.c,4 :: 		SOFT_UART_WRITE(*s++);
0x06BA	0xFFE9C02B  	MOVFF       FARG_send_to_modem_s, FSR0L
0x06BE	0xFFEAC02C  	MOVFF       FARG_send_to_modem_s+1, FSR0H
0x06C2	0xF042CFEE  	MOVFF       POSTINC0, FARG_Soft_UART_Write_udata
0x06C6	0xDDF3      	RCALL       _Soft_UART_Write
0x06C8	0x4A2B      	INFSNZ      FARG_send_to_modem_s, 1 
0x06CA	0x2A2C      	INCF        FARG_send_to_modem_s+1, 1 
;RFID_MODULE.c,5 :: 		}
0x06CC	0xD7F0      	BRA         L_send_to_modem0
L_send_to_modem1:
;RFID_MODULE.c,6 :: 		SOFT_UART_WRITE(0X0D);
0x06CE	0x0E0D      	MOVLW       13
0x06D0	0x6E42      	MOVWF       FARG_Soft_UART_Write_udata 
0x06D2	0xDDED      	RCALL       _Soft_UART_Write
;RFID_MODULE.c,7 :: 		}
L_end_send_to_modem:
0x06D4	0x0012      	RETURN      0
; end of _send_to_modem
_main:
0x06D6	0x0E48      	MOVLW       72
0x06D8	0x6E15      	MOVWF       ?lstr1_RFID_MODULE 
0x06DA	0x0E45      	MOVLW       69
0x06DC	0x6E16      	MOVWF       22 
0x06DE	0x0E4C      	MOVLW       76
0x06E0	0x6E17      	MOVWF       23 
0x06E2	0x0E4C      	MOVLW       76
0x06E4	0x6E18      	MOVWF       24 
0x06E6	0x0E4F      	MOVLW       79
0x06E8	0x6E19      	MOVWF       25 
0x06EA	0x0E20      	MOVLW       32
0x06EC	0x6E1A      	MOVWF       26 
0x06EE	0x0E57      	MOVLW       87
0x06F0	0x6E1B      	MOVWF       27 
0x06F2	0x0E4F      	MOVLW       79
0x06F4	0x6E1C      	MOVWF       28 
0x06F6	0x0E52      	MOVLW       82
0x06F8	0x6E1D      	MOVWF       29 
0x06FA	0x0E4C      	MOVLW       76
0x06FC	0x6E1E      	MOVWF       30 
0x06FE	0x0E44      	MOVLW       68
0x0700	0x6E1F      	MOVWF       31 
0x0702	0x0E21      	MOVLW       33
0x0704	0x6E20      	MOVWF       32 
0x0706	0x6A21      	CLRF        33 
;RFID_MODULE.c,13 :: 		void main() {
;RFID_MODULE.c,14 :: 		do{
L_main4:
;RFID_MODULE.c,15 :: 		SOFT_UART_INIT(&PORTC, 5, 4, 9600, 0);
0x0708	0x0E82      	MOVLW       PORTC
0x070A	0x6E2B      	MOVWF       FARG_Soft_UART_Init_port 
0x070C	0x0E0F      	MOVLW       hi_addr(PORTC)
0x070E	0x6E2C      	MOVWF       FARG_Soft_UART_Init_port+1 
0x0710	0x0E05      	MOVLW       5
0x0712	0x6E2D      	MOVWF       FARG_Soft_UART_Init_rx_pin 
0x0714	0x0E04      	MOVLW       4
0x0716	0x6E2E      	MOVWF       FARG_Soft_UART_Init_tx_pin 
0x0718	0x0E80      	MOVLW       128
0x071A	0x6E2F      	MOVWF       FARG_Soft_UART_Init_baud_rate 
0x071C	0x0E25      	MOVLW       37
0x071E	0x6E30      	MOVWF       FARG_Soft_UART_Init_baud_rate+1 
0x0720	0x0E00      	MOVLW       0
0x0722	0x6E31      	MOVWF       FARG_Soft_UART_Init_baud_rate+2 
0x0724	0x6E32      	MOVWF       FARG_Soft_UART_Init_baud_rate+3 
0x0726	0x6A33      	CLRF        FARG_Soft_UART_Init_inverted 
0x0728	0xDEE0      	RCALL       _Soft_UART_Init
;RFID_MODULE.c,16 :: 		send_to_modem("HELLO WORLD!");
0x072A	0x0E15      	MOVLW       ?lstr1_RFID_MODULE
0x072C	0x6E2B      	MOVWF       FARG_send_to_modem_s 
0x072E	0x0E00      	MOVLW       hi_addr(?lstr1_RFID_MODULE)
0x0730	0x6E2C      	MOVWF       FARG_send_to_modem_s+1 
0x0732	0xDFBD      	RCALL       _send_to_modem
;RFID_MODULE.c,17 :: 		delay_ms(1000);
0x0734	0x0E06      	MOVLW       6
0x0736	0x6E0B      	MOVWF       R11, 0
0x0738	0x0E13      	MOVLW       19
0x073A	0x6E0C      	MOVWF       R12, 0
0x073C	0x0EAD      	MOVLW       173
0x073E	0x6E0D      	MOVWF       R13, 0
L_main7:
0x0740	0x2E0D      	DECFSZ      R13, 1, 0
0x0742	0xD7FE      	BRA         L_main7
0x0744	0x2E0C      	DECFSZ      R12, 1, 0
0x0746	0xD7FC      	BRA         L_main7
0x0748	0x2E0B      	DECFSZ      R11, 1, 0
0x074A	0xD7FA      	BRA         L_main7
0x074C	0x0000      	NOP
0x074E	0x0000      	NOP
;RFID_MODULE.c,18 :: 		}while(1);
0x0750	0xD7DB      	BRA         L_main4
;RFID_MODULE.c,19 :: 		}
L_end_main:
0x0752	0xD7FF      	BRA         $+0
; end of _main
Symbol List:
//** Routines locations **
//ADDRESS    SIZE    PROCEDURE
//----------------------------------------------
0x001C      [24]    _COMFREM
0x0034     [600]    _SDIV3232L
0x028C      [34]    _Delay_Cyc
0x02AE     [112]    _Soft_UART_Write
0x031E     [346]    _Div_32x32_S
0x0478      [16]    _Get_Fosc_kHz
0x0488      [82]    _Mul_32x32_U
0x04DA      [16]    ___CC2DW
0x04EA     [452]    _Soft_UART_Init
0x06AE      [40]    _send_to_modem
0x06D6     [126]    _main
//** Variables locations ** 
//ADDRESS    SIZE    VARIABLE
//----------------------------------------------
0x0000       [1]    R0
0x0001       [1]    R1
0x0002       [1]    R2
0x0003       [1]    R3
0x0004       [1]    R4
0x0005       [1]    R5
0x0006       [1]    R6
0x0007       [1]    R7
0x0008       [1]    R8
0x0009       [1]    R9
0x000A       [1]    R10
0x000B       [1]    R11
0x000C       [1]    R12
0x000D       [1]    R13
0x000E       [1]    R14
0x000F       [1]    R15
0x0010       [1]    R16
0x0011       [1]    R17
0x0012       [1]    R18
0x0013       [1]    R19
0x0014       [1]    R20
0x0015      [13]    ?lstr1_RFID_MODULE
0x0022       [2]    __Lib_SoftUART__port_addr
0x0024       [1]    __Lib_SoftUART__tx_mask1
0x0025       [1]    __Lib_SoftUART_InvertMaskRd
0x0026       [1]    __Lib_SoftUART__tx_mask0
0x0027       [1]    __Lib_SoftUART__rx_mask0
0x0028       [1]    __Lib_SoftUART_HalfBit
0x0029       [1]    __Lib_SoftUART_FullBit
0x002A       [1]    __Lib_SoftUART__rx_mask1
0x002B       [2]    FARG_send_to_modem_s
0x002B       [2]    FARG_Soft_UART_Init_port
0x002D       [1]    FARG_Soft_UART_Init_rx_pin
0x002E       [1]    FARG_Soft_UART_Init_tx_pin
0x002F       [4]    FARG_Soft_UART_Init_baud_rate
0x0033       [1]    FARG_Soft_UART_Init_inverted
0x0034       [4]    Soft_UART_Init_q1_L0
0x0038       [4]    Soft_UART_Init_q2_L0
0x003C       [2]    Soft_UART_Init_temp_word_L0
0x003E       [4]    FLOC__Soft_UART_Init
0x0042       [1]    FARG_Soft_UART_Write_udata
0x0043       [1]    Soft_UART_Write_mask_L0
0x0044       [1]    FARG_Delay_Cyc_cycles_div_by_10
0x0F82       [1]    PORTC
0x0FD8       [1]    STATUS
0x0FD9       [1]    FSR2L
0x0FDA       [1]    FSR2H
0x0FDE       [1]    POSTINC2
0x0FE0       [1]    BSR
0x0FE1       [1]    FSR1L
0x0FE2       [1]    FSR1H
0x0FE4       [1]    PREINC1
0x0FE6       [1]    POSTINC1
0x0FE7       [1]    INDF1
0x0FE8       [1]    WREG
0x0FE9       [2]    FSR0
0x0FE9       [1]    FSR0L
0x0FEA       [1]    FSR0H
0x0FEE       [1]    POSTINC0
0x0FEF       [1]    INDF0
0x0FF3       [1]    PRODL
0x0FF4       [1]    PRODH
0x0FF5       [1]    TABLAT
0x0FF6       [1]    TBLPTRL
0x0FF7       [1]    TBLPTRH
0x0FF8       [1]    TBLPTRU
